#! /c/Source/iverilog-install/bin/vvp
:ivl_version "12.0 (devel)" "(s20150603-1539-g2693dd32b)";
:ivl_delay_selection "TYPICAL";
:vpi_time_precision + 0;
:vpi_module "C:\iverilog\lib\ivl\system.vpi";
:vpi_module "C:\iverilog\lib\ivl\vhdl_sys.vpi";
:vpi_module "C:\iverilog\lib\ivl\vhdl_textio.vpi";
:vpi_module "C:\iverilog\lib\ivl\v2005_math.vpi";
:vpi_module "C:\iverilog\lib\ivl\va_math.vpi";
S_0000018dd99aade0 .scope module, "t_alu" "t_alu" 2 2;
 .timescale 0 0;
v0000018dd99c2c20_0 .var "A", 7 0;
v0000018dd99c2cc0_0 .var "B", 7 0;
v0000018dd99c2d60_0 .var "Cin", 0 0;
v0000018dd99c2e00_0 .var "S", 4 0;
v0000018dd99c2ea0_0 .net "Y", 7 0, v0000018dd99c2b80_0;  1 drivers
S_0000018dd99e4cf0 .scope module, "alu1" "alu" 2 34, 3 1 0, S_0000018dd99aade0;
 .timescale 0 0;
    .port_info 0 /INPUT 5 "S";
    .port_info 1 /INPUT 1 "Cin";
    .port_info 2 /INPUT 8 "A";
    .port_info 3 /INPUT 8 "B";
    .port_info 4 /OUTPUT 8 "Y";
v0000018dd99e4e80_0 .net "A", 7 0, v0000018dd99c2c20_0;  1 drivers
v0000018dd99e4f20_0 .net "B", 7 0, v0000018dd99c2cc0_0;  1 drivers
v0000018dd99e4fc0_0 .net "Cin", 0 0, v0000018dd99c2d60_0;  1 drivers
v0000018dd99c2ae0_0 .net "S", 4 0, v0000018dd99c2e00_0;  1 drivers
v0000018dd99c2b80_0 .var "Y", 7 0;
E_0000018dd99e6b70 .event anyedge, v0000018dd99c2ae0_0, v0000018dd99e4fc0_0, v0000018dd99e4e80_0, v0000018dd99e4f20_0;
    .scope S_0000018dd99e4cf0;
T_0 ;
    %wait E_0000018dd99e6b70;
    %load/vec4 v0000018dd99c2ae0_0;
    %load/vec4 v0000018dd99e4fc0_0;
    %concat/vec4; draw_concat_vec4
    %dup/vec4;
    %pushi/vec4 0, 0, 6;
    %cmp/u;
    %jmp/1 T_0.0, 6;
    %dup/vec4;
    %pushi/vec4 1, 0, 6;
    %cmp/u;
    %jmp/1 T_0.1, 6;
    %dup/vec4;
    %pushi/vec4 2, 0, 6;
    %cmp/u;
    %jmp/1 T_0.2, 6;
    %dup/vec4;
    %pushi/vec4 3, 0, 6;
    %cmp/u;
    %jmp/1 T_0.3, 6;
    %dup/vec4;
    %pushi/vec4 4, 0, 6;
    %cmp/u;
    %jmp/1 T_0.4, 6;
    %dup/vec4;
    %pushi/vec4 5, 0, 6;
    %cmp/u;
    %jmp/1 T_0.5, 6;
    %dup/vec4;
    %pushi/vec4 6, 0, 6;
    %cmp/u;
    %jmp/1 T_0.6, 6;
    %dup/vec4;
    %pushi/vec4 7, 0, 6;
    %cmp/u;
    %jmp/1 T_0.7, 6;
    %dup/vec4;
    %pushi/vec4 8, 0, 6;
    %cmp/u;
    %jmp/1 T_0.8, 6;
    %dup/vec4;
    %pushi/vec4 10, 0, 6;
    %cmp/u;
    %jmp/1 T_0.9, 6;
    %dup/vec4;
    %pushi/vec4 12, 0, 6;
    %cmp/u;
    %jmp/1 T_0.10, 6;
    %dup/vec4;
    %pushi/vec4 14, 0, 6;
    %cmp/u;
    %jmp/1 T_0.11, 6;
    %dup/vec4;
    %pushi/vec4 16, 0, 6;
    %cmp/u;
    %jmp/1 T_0.12, 6;
    %dup/vec4;
    %pushi/vec4 32, 0, 6;
    %cmp/u;
    %jmp/1 T_0.13, 6;
    %dup/vec4;
    %pushi/vec4 48, 0, 6;
    %cmp/u;
    %jmp/1 T_0.14, 6;
    %pushi/vec4 0, 0, 8;
    %store/vec4 v0000018dd99c2b80_0, 0, 8;
    %jmp T_0.16;
T_0.0 ;
    %load/vec4 v0000018dd99e4e80_0;
    %assign/vec4 v0000018dd99c2b80_0, 0;
    %jmp T_0.16;
T_0.1 ;
    %load/vec4 v0000018dd99e4e80_0;
    %addi 1, 0, 8;
    %assign/vec4 v0000018dd99c2b80_0, 0;
    %jmp T_0.16;
T_0.2 ;
    %load/vec4 v0000018dd99e4e80_0;
    %load/vec4 v0000018dd99e4f20_0;
    %add;
    %assign/vec4 v0000018dd99c2b80_0, 0;
    %jmp T_0.16;
T_0.3 ;
    %load/vec4 v0000018dd99e4e80_0;
    %load/vec4 v0000018dd99e4f20_0;
    %add;
    %addi 1, 0, 8;
    %assign/vec4 v0000018dd99c2b80_0, 0;
    %jmp T_0.16;
T_0.4 ;
    %load/vec4 v0000018dd99e4e80_0;
    %load/vec4 v0000018dd99e4f20_0;
    %inv;
    %add;
    %assign/vec4 v0000018dd99c2b80_0, 0;
    %jmp T_0.16;
T_0.5 ;
    %load/vec4 v0000018dd99e4e80_0;
    %load/vec4 v0000018dd99e4f20_0;
    %inv;
    %add;
    %addi 1, 0, 8;
    %assign/vec4 v0000018dd99c2b80_0, 0;
    %jmp T_0.16;
T_0.6 ;
    %load/vec4 v0000018dd99e4e80_0;
    %subi 1, 0, 8;
    %assign/vec4 v0000018dd99c2b80_0, 0;
    %jmp T_0.16;
T_0.7 ;
    %load/vec4 v0000018dd99e4e80_0;
    %assign/vec4 v0000018dd99c2b80_0, 0;
    %jmp T_0.16;
T_0.8 ;
    %load/vec4 v0000018dd99e4e80_0;
    %load/vec4 v0000018dd99e4f20_0;
    %and;
    %assign/vec4 v0000018dd99c2b80_0, 0;
    %jmp T_0.16;
T_0.9 ;
    %load/vec4 v0000018dd99e4e80_0;
    %load/vec4 v0000018dd99e4f20_0;
    %or;
    %assign/vec4 v0000018dd99c2b80_0, 0;
    %jmp T_0.16;
T_0.10 ;
    %load/vec4 v0000018dd99e4e80_0;
    %load/vec4 v0000018dd99e4f20_0;
    %xor;
    %assign/vec4 v0000018dd99c2b80_0, 0;
    %jmp T_0.16;
T_0.11 ;
    %load/vec4 v0000018dd99e4e80_0;
    %inv;
    %assign/vec4 v0000018dd99c2b80_0, 0;
    %jmp T_0.16;
T_0.12 ;
    %load/vec4 v0000018dd99e4e80_0;
    %ix/load 4, 1, 0;
    %flag_set/imm 4, 0;
    %shiftl 4;
    %assign/vec4 v0000018dd99c2b80_0, 0;
    %jmp T_0.16;
T_0.13 ;
    %load/vec4 v0000018dd99e4e80_0;
    %ix/load 4, 1, 0;
    %flag_set/imm 4, 0;
    %shiftr 4;
    %assign/vec4 v0000018dd99c2b80_0, 0;
    %jmp T_0.16;
T_0.14 ;
    %pushi/vec4 0, 0, 8;
    %assign/vec4 v0000018dd99c2b80_0, 0;
    %jmp T_0.16;
T_0.16 ;
    %pop/vec4 1;
    %jmp T_0;
    .thread T_0, $push;
    .scope S_0000018dd99aade0;
T_1 ;
    %vpi_call 2 10 "$monitor", "%t A=%b B=%b S=%b Cin=%b Y=%b", $time, v0000018dd99c2c20_0, v0000018dd99c2cc0_0, v0000018dd99c2e00_0, v0000018dd99c2d60_0, v0000018dd99c2ea0_0 {0 0 0};
    %pushi/vec4 0, 0, 8;
    %assign/vec4 v0000018dd99c2c20_0, 0;
    %pushi/vec4 255, 255, 8;
    %assign/vec4 v0000018dd99c2cc0_0, 0;
    %pushi/vec4 0, 0, 5;
    %assign/vec4 v0000018dd99c2e00_0, 0;
    %pushi/vec4 0, 0, 1;
    %assign/vec4 v0000018dd99c2d60_0, 0;
    %delay 10, 0;
    %pushi/vec4 170, 0, 8;
    %assign/vec4 v0000018dd99c2c20_0, 0;
    %pushi/vec4 255, 255, 8;
    %assign/vec4 v0000018dd99c2cc0_0, 0;
    %pushi/vec4 0, 0, 5;
    %assign/vec4 v0000018dd99c2e00_0, 0;
    %pushi/vec4 0, 0, 1;
    %assign/vec4 v0000018dd99c2d60_0, 0;
    %delay 10, 0;
    %pushi/vec4 170, 0, 8;
    %assign/vec4 v0000018dd99c2c20_0, 0;
    %pushi/vec4 255, 255, 8;
    %assign/vec4 v0000018dd99c2cc0_0, 0;
    %pushi/vec4 0, 0, 5;
    %assign/vec4 v0000018dd99c2e00_0, 0;
    %pushi/vec4 1, 0, 1;
    %assign/vec4 v0000018dd99c2d60_0, 0;
    %delay 10, 0;
    %pushi/vec4 170, 0, 8;
    %assign/vec4 v0000018dd99c2c20_0, 0;
    %pushi/vec4 85, 0, 8;
    %assign/vec4 v0000018dd99c2cc0_0, 0;
    %pushi/vec4 1, 0, 5;
    %assign/vec4 v0000018dd99c2e00_0, 0;
    %pushi/vec4 0, 0, 1;
    %assign/vec4 v0000018dd99c2d60_0, 0;
    %delay 10, 0;
    %pushi/vec4 42, 0, 8;
    %assign/vec4 v0000018dd99c2c20_0, 0;
    %pushi/vec4 85, 0, 8;
    %assign/vec4 v0000018dd99c2cc0_0, 0;
    %pushi/vec4 1, 0, 5;
    %assign/vec4 v0000018dd99c2e00_0, 0;
    %pushi/vec4 1, 0, 1;
    %assign/vec4 v0000018dd99c2d60_0, 0;
    %delay 10, 0;
    %pushi/vec4 170, 0, 8;
    %assign/vec4 v0000018dd99c2c20_0, 0;
    %pushi/vec4 42, 0, 8;
    %assign/vec4 v0000018dd99c2cc0_0, 0;
    %pushi/vec4 2, 0, 5;
    %assign/vec4 v0000018dd99c2e00_0, 0;
    %pushi/vec4 0, 0, 1;
    %assign/vec4 v0000018dd99c2d60_0, 0;
    %delay 10, 0;
    %pushi/vec4 170, 0, 8;
    %assign/vec4 v0000018dd99c2c20_0, 0;
    %pushi/vec4 42, 0, 8;
    %assign/vec4 v0000018dd99c2cc0_0, 0;
    %pushi/vec4 2, 0, 5;
    %assign/vec4 v0000018dd99c2e00_0, 0;
    %pushi/vec4 1, 0, 1;
    %assign/vec4 v0000018dd99c2d60_0, 0;
    %delay 10, 0;
    %pushi/vec4 170, 0, 8;
    %assign/vec4 v0000018dd99c2c20_0, 0;
    %pushi/vec4 255, 255, 8;
    %assign/vec4 v0000018dd99c2cc0_0, 0;
    %pushi/vec4 3, 0, 5;
    %assign/vec4 v0000018dd99c2e00_0, 0;
    %pushi/vec4 0, 0, 1;
    %assign/vec4 v0000018dd99c2d60_0, 0;
    %delay 10, 0;
    %pushi/vec4 85, 0, 8;
    %assign/vec4 v0000018dd99c2c20_0, 0;
    %pushi/vec4 255, 255, 8;
    %assign/vec4 v0000018dd99c2cc0_0, 0;
    %pushi/vec4 3, 0, 5;
    %assign/vec4 v0000018dd99c2e00_0, 0;
    %pushi/vec4 1, 0, 1;
    %assign/vec4 v0000018dd99c2d60_0, 0;
    %delay 10, 0;
    %pushi/vec4 240, 0, 8;
    %assign/vec4 v0000018dd99c2c20_0, 0;
    %pushi/vec4 255, 0, 8;
    %assign/vec4 v0000018dd99c2cc0_0, 0;
    %pushi/vec4 4, 0, 5;
    %assign/vec4 v0000018dd99c2e00_0, 0;
    %pushi/vec4 0, 0, 1;
    %assign/vec4 v0000018dd99c2d60_0, 0;
    %delay 10, 0;
    %pushi/vec4 240, 0, 8;
    %assign/vec4 v0000018dd99c2c20_0, 0;
    %pushi/vec4 0, 0, 8;
    %assign/vec4 v0000018dd99c2cc0_0, 0;
    %pushi/vec4 5, 0, 5;
    %assign/vec4 v0000018dd99c2e00_0, 0;
    %pushi/vec4 0, 0, 1;
    %assign/vec4 v0000018dd99c2d60_0, 0;
    %delay 10, 0;
    %pushi/vec4 160, 0, 8;
    %assign/vec4 v0000018dd99c2c20_0, 0;
    %pushi/vec4 10, 0, 8;
    %assign/vec4 v0000018dd99c2cc0_0, 0;
    %pushi/vec4 6, 0, 5;
    %assign/vec4 v0000018dd99c2e00_0, 0;
    %pushi/vec4 0, 0, 1;
    %assign/vec4 v0000018dd99c2d60_0, 0;
    %delay 10, 0;
    %pushi/vec4 170, 0, 8;
    %assign/vec4 v0000018dd99c2c20_0, 0;
    %pushi/vec4 255, 255, 8;
    %assign/vec4 v0000018dd99c2cc0_0, 0;
    %pushi/vec4 7, 0, 5;
    %assign/vec4 v0000018dd99c2e00_0, 0;
    %pushi/vec4 0, 0, 1;
    %assign/vec4 v0000018dd99c2d60_0, 0;
    %delay 10, 0;
    %pushi/vec4 24, 0, 8;
    %assign/vec4 v0000018dd99c2c20_0, 0;
    %pushi/vec4 255, 255, 8;
    %assign/vec4 v0000018dd99c2cc0_0, 0;
    %pushi/vec4 8, 0, 5;
    %assign/vec4 v0000018dd99c2e00_0, 0;
    %pushi/vec4 0, 0, 1;
    %assign/vec4 v0000018dd99c2d60_0, 0;
    %delay 10, 0;
    %pushi/vec4 24, 0, 8;
    %assign/vec4 v0000018dd99c2c20_0, 0;
    %pushi/vec4 255, 255, 8;
    %assign/vec4 v0000018dd99c2cc0_0, 0;
    %pushi/vec4 16, 0, 5;
    %assign/vec4 v0000018dd99c2e00_0, 0;
    %pushi/vec4 0, 0, 1;
    %assign/vec4 v0000018dd99c2d60_0, 0;
    %delay 10, 0;
    %pushi/vec4 255, 255, 8;
    %assign/vec4 v0000018dd99c2c20_0, 0;
    %pushi/vec4 255, 255, 8;
    %assign/vec4 v0000018dd99c2cc0_0, 0;
    %pushi/vec4 24, 0, 5;
    %assign/vec4 v0000018dd99c2e00_0, 0;
    %pushi/vec4 0, 0, 1;
    %assign/vec4 v0000018dd99c2d60_0, 0;
    %delay 10, 0;
    %vpi_call 2 32 "$finish" {0 0 0};
    %end;
    .thread T_1;
# The file index is used to find the file name in the following table.
:file_names 4;
    "N/A";
    "<interactive>";
    "t_alu.v";
    "alu.v";
