#! /c/Source/iverilog-install/bin/vvp
:ivl_version "12.0 (devel)" "(s20150603-1539-g2693dd32b)";
:ivl_delay_selection "TYPICAL";
:vpi_time_precision - 9;
:vpi_module "C:\iverilog\lib\ivl\system.vpi";
:vpi_module "C:\iverilog\lib\ivl\vhdl_sys.vpi";
:vpi_module "C:\iverilog\lib\ivl\vhdl_textio.vpi";
:vpi_module "C:\iverilog\lib\ivl\v2005_math.vpi";
:vpi_module "C:\iverilog\lib\ivl\va_math.vpi";
S_000001eafe9e83e0 .scope module, "tb_vending_machine" "tb_vending_machine" 2 4;
 .timescale -9 -9;
P_000001eafe9ebdb0 .param/l "PERIOD" 0 2 7, +C4<00000000000000000000000000001010>;
v000001eafea57a30_0 .net "can", 0 0, v000001eafe9c2ee0_0;  1 drivers
v000001eafea57ad0_0 .net "chng", 4 0, v000001eafe9fbbd0_0;  1 drivers
v000001eafea58200_0 .var "clk", 0 0;
v000001eafea57ee0_0 .var "init", 0 0;
v000001eafea57d00_0 .var "input10", 0 0;
v000001eafea58660_0 .var "input50", 0 0;
v000001eafea58020_0 .var "inputa0", 0 0;
v000001eafea585c0_0 .var "rst", 0 0;
S_000001eafe9e8a10 .scope module, "u_vending_machine" "vending_machine" 2 29, 3 1 0, S_000001eafe9e83e0;
 .timescale 0 0;
    .port_info 0 /INPUT 1 "clk";
    .port_info 1 /INPUT 1 "init";
    .port_info 2 /INPUT 1 "rst";
    .port_info 3 /INPUT 1 "input10";
    .port_info 4 /INPUT 1 "input50";
    .port_info 5 /INPUT 1 "inputa0";
    .port_info 6 /OUTPUT 5 "chng";
    .port_info 7 /OUTPUT 1 "can";
P_000001eafe9e8ba0 .param/l "S0" 1 3 18, C4<00>;
P_000001eafe9e8bd8 .param/l "S1" 1 3 19, C4<01>;
P_000001eafe9e8c10 .param/l "S2" 1 3 20, C4<10>;
v000001eafe9fbb30_0 .var "amount", 4 0;
v000001eafe9c2ee0_0 .var "can", 0 0;
v000001eafe9fbbd0_0 .var "chng", 4 0;
v000001eafe9fbc70_0 .net "clk", 0 0, v000001eafea58200_0;  1 drivers
v000001eafe9fbd10_0 .net "init", 0 0, v000001eafea57ee0_0;  1 drivers
v000001eafe9fbdb0_0 .net "input10", 0 0, v000001eafea57d00_0;  1 drivers
v000001eafe9fbe50_0 .net "input50", 0 0, v000001eafea58660_0;  1 drivers
v000001eafe9fbef0_0 .net "inputa0", 0 0, v000001eafea58020_0;  1 drivers
v000001eafea57850_0 .var "next_state", 1 0;
v000001eafea578f0_0 .net "rst", 0 0, v000001eafea585c0_0;  1 drivers
v000001eafea57990_0 .var "state", 1 0;
E_000001eafe9eb670/0 .event anyedge, v000001eafea57990_0, v000001eafe9fbdb0_0, v000001eafe9fbb30_0, v000001eafe9fbe50_0;
E_000001eafe9eb670/1 .event anyedge, v000001eafe9fbef0_0, v000001eafea578f0_0;
E_000001eafe9eb670 .event/or E_000001eafe9eb670/0, E_000001eafe9eb670/1;
E_000001eafe9ebc30/0 .event anyedge, v000001eafea57990_0, v000001eafea578f0_0, v000001eafe9fbdb0_0, v000001eafe9fbe50_0;
E_000001eafe9ebc30/1 .event anyedge, v000001eafe9fbef0_0, v000001eafe9fbb30_0;
E_000001eafe9ebc30 .event/or E_000001eafe9ebc30/0, E_000001eafe9ebc30/1;
E_000001eafe9ebb70 .event posedge, v000001eafe9fbc70_0;
    .scope S_000001eafe9e8a10;
T_0 ;
    %wait E_000001eafe9ebb70;
    %load/vec4 v000001eafea57850_0;
    %assign/vec4 v000001eafea57990_0, 0;
    %jmp T_0;
    .thread T_0;
    .scope S_000001eafe9e8a10;
T_1 ;
    %wait E_000001eafe9ebc30;
    %load/vec4 v000001eafea57990_0;
    %dup/vec4;
    %pushi/vec4 0, 0, 2;
    %cmp/u;
    %jmp/1 T_1.0, 6;
    %dup/vec4;
    %pushi/vec4 1, 0, 2;
    %cmp/u;
    %jmp/1 T_1.1, 6;
    %dup/vec4;
    %pushi/vec4 2, 0, 2;
    %cmp/u;
    %jmp/1 T_1.2, 6;
    %pushi/vec4 0, 0, 2;
    %store/vec4 v000001eafea57850_0, 0, 2;
    %jmp T_1.4;
T_1.0 ;
    %pushi/vec4 1, 0, 2;
    %store/vec4 v000001eafea57850_0, 0, 2;
    %jmp T_1.4;
T_1.1 ;
    %load/vec4 v000001eafea578f0_0;
    %nor/r;
    %flag_set/vec4 8;
    %jmp/1 T_1.9, 8;
    %load/vec4 v000001eafe9fbdb0_0;
    %cmpi/e 1, 0, 1;
    %flag_or 8, 4;
T_1.9;
    %jmp/1 T_1.8, 8;
    %load/vec4 v000001eafe9fbe50_0;
    %cmpi/e 1, 0, 1;
    %flag_or 8, 4;
T_1.8;
    %jmp/1 T_1.7, 8;
    %load/vec4 v000001eafe9fbef0_0;
    %cmpi/e 1, 0, 1;
    %flag_or 8, 4;
T_1.7;
    %jmp/0xz  T_1.5, 8;
    %pushi/vec4 2, 0, 2;
    %store/vec4 v000001eafea57850_0, 0, 2;
    %jmp T_1.6;
T_1.5 ;
    %pushi/vec4 1, 0, 2;
    %store/vec4 v000001eafea57850_0, 0, 2;
T_1.6 ;
    %jmp T_1.4;
T_1.2 ;
    %load/vec4 v000001eafea578f0_0;
    %nor/r;
    %flag_set/vec4 8;
    %jmp/0xz  T_1.10, 8;
    %pushi/vec4 0, 0, 2;
    %store/vec4 v000001eafea57850_0, 0, 2;
    %jmp T_1.11;
T_1.10 ;
    %load/vec4 v000001eafe9fbb30_0;
    %pad/u 32;
    %cmpi/u 12, 0, 32;
    %flag_inv 5; GE is !LT
    %jmp/0xz  T_1.12, 5;
    %pushi/vec4 0, 0, 2;
    %store/vec4 v000001eafea57850_0, 0, 2;
    %jmp T_1.13;
T_1.12 ;
    %pushi/vec4 1, 0, 2;
    %store/vec4 v000001eafea57850_0, 0, 2;
T_1.13 ;
T_1.11 ;
    %jmp T_1.4;
T_1.4 ;
    %pop/vec4 1;
    %jmp T_1;
    .thread T_1, $push;
    .scope S_000001eafe9e8a10;
T_2 ;
    %wait E_000001eafe9eb670;
    %load/vec4 v000001eafea57990_0;
    %dup/vec4;
    %pushi/vec4 0, 0, 2;
    %cmp/u;
    %jmp/1 T_2.0, 6;
    %dup/vec4;
    %pushi/vec4 1, 0, 2;
    %cmp/u;
    %jmp/1 T_2.1, 6;
    %dup/vec4;
    %pushi/vec4 2, 0, 2;
    %cmp/u;
    %jmp/1 T_2.2, 6;
    %pushi/vec4 0, 0, 5;
    %store/vec4 v000001eafe9fbb30_0, 0, 5;
    %pushi/vec4 0, 0, 5;
    %store/vec4 v000001eafe9fbbd0_0, 0, 5;
    %pushi/vec4 0, 0, 1;
    %store/vec4 v000001eafe9c2ee0_0, 0, 1;
    %jmp T_2.4;
T_2.0 ;
    %pushi/vec4 0, 0, 5;
    %store/vec4 v000001eafe9fbb30_0, 0, 5;
    %jmp T_2.4;
T_2.1 ;
    %load/vec4 v000001eafe9fbdb0_0;
    %flag_set/vec4 8;
    %jmp/0xz  T_2.5, 8;
    %load/vec4 v000001eafe9fbb30_0;
    %addi 1, 0, 5;
    %store/vec4 v000001eafe9fbb30_0, 0, 5;
    %jmp T_2.6;
T_2.5 ;
    %load/vec4 v000001eafe9fbe50_0;
    %flag_set/vec4 8;
    %jmp/0xz  T_2.7, 8;
    %load/vec4 v000001eafe9fbb30_0;
    %addi 5, 0, 5;
    %store/vec4 v000001eafe9fbb30_0, 0, 5;
    %jmp T_2.8;
T_2.7 ;
    %load/vec4 v000001eafe9fbef0_0;
    %flag_set/vec4 8;
    %jmp/0xz  T_2.9, 8;
    %load/vec4 v000001eafe9fbb30_0;
    %addi 10, 0, 5;
    %store/vec4 v000001eafe9fbb30_0, 0, 5;
    %jmp T_2.10;
T_2.9 ;
    %load/vec4 v000001eafe9fbb30_0;
    %store/vec4 v000001eafe9fbb30_0, 0, 5;
T_2.10 ;
T_2.8 ;
T_2.6 ;
    %jmp T_2.4;
T_2.2 ;
    %load/vec4 v000001eafea578f0_0;
    %nor/r;
    %flag_set/vec4 8;
    %jmp/0xz  T_2.11, 8;
    %load/vec4 v000001eafe9fbb30_0;
    %store/vec4 v000001eafe9fbbd0_0, 0, 5;
    %jmp T_2.12;
T_2.11 ;
    %load/vec4 v000001eafe9fbb30_0;
    %pad/u 32;
    %cmpi/u 12, 0, 32;
    %flag_inv 5; GE is !LT
    %jmp/0xz  T_2.13, 5;
    %pushi/vec4 1, 0, 1;
    %store/vec4 v000001eafe9c2ee0_0, 0, 1;
    %load/vec4 v000001eafe9fbb30_0;
    %subi 12, 0, 5;
    %store/vec4 v000001eafe9fbbd0_0, 0, 5;
    %jmp T_2.14;
T_2.13 ;
    %pushi/vec4 0, 0, 1;
    %store/vec4 v000001eafe9c2ee0_0, 0, 1;
    %pushi/vec4 0, 0, 5;
    %store/vec4 v000001eafe9fbbd0_0, 0, 5;
T_2.14 ;
T_2.12 ;
    %jmp T_2.4;
T_2.4 ;
    %pop/vec4 1;
    %jmp T_2;
    .thread T_2, $push;
    .scope S_000001eafe9e83e0;
T_3 ;
    %pushi/vec4 0, 0, 1;
    %store/vec4 v000001eafea58200_0, 0, 1;
    %pushi/vec4 0, 0, 1;
    %store/vec4 v000001eafea57ee0_0, 0, 1;
    %pushi/vec4 0, 0, 1;
    %store/vec4 v000001eafea585c0_0, 0, 1;
    %pushi/vec4 0, 0, 1;
    %store/vec4 v000001eafea57d00_0, 0, 1;
    %pushi/vec4 0, 0, 1;
    %store/vec4 v000001eafea58660_0, 0, 1;
    %pushi/vec4 0, 0, 1;
    %store/vec4 v000001eafea58020_0, 0, 1;
    %end;
    .thread T_3;
    .scope S_000001eafe9e83e0;
T_4 ;
T_4.0 ;
    %delay 5, 0;
    %load/vec4 v000001eafea58200_0;
    %inv;
    %store/vec4 v000001eafea58200_0, 0, 1;
    %jmp T_4.0;
    %end;
    .thread T_4;
    .scope S_000001eafe9e83e0;
T_5 ;
    %vpi_call 2 41 "$monitor", "%t rst=%b input10=%b input50=%b inputa0=%b amount = %d chng= %b can=%b", $time, v000001eafea585c0_0, v000001eafea57d00_0, v000001eafea58660_0, v000001eafea58020_0, v000001eafe9fbb30_0, v000001eafea57ad0_0, v000001eafea57a30_0 {0 0 0};
    %delay 1, 0;
    %pushi/vec4 1, 0, 1;
    %store/vec4 v000001eafea585c0_0, 0, 1;
    %delay 20, 0;
    %pushi/vec4 1, 0, 1;
    %store/vec4 v000001eafea57d00_0, 0, 1;
    %delay 1, 0;
    %pushi/vec4 0, 0, 1;
    %store/vec4 v000001eafea57d00_0, 0, 1;
    %delay 30, 0;
    %pushi/vec4 1, 0, 1;
    %store/vec4 v000001eafea58660_0, 0, 1;
    %delay 1, 0;
    %pushi/vec4 0, 0, 1;
    %store/vec4 v000001eafea58660_0, 0, 1;
    %delay 30, 0;
    %pushi/vec4 1, 0, 1;
    %store/vec4 v000001eafea58660_0, 0, 1;
    %delay 1, 0;
    %pushi/vec4 0, 0, 1;
    %store/vec4 v000001eafea58660_0, 0, 1;
    %delay 30, 0;
    %pushi/vec4 1, 0, 1;
    %store/vec4 v000001eafea57d00_0, 0, 1;
    %delay 2, 0;
    %pushi/vec4 0, 0, 1;
    %store/vec4 v000001eafea57d00_0, 0, 1;
    %delay 40, 0;
    %delay 2, 0;
    %pushi/vec4 0, 0, 1;
    %store/vec4 v000001eafea585c0_0, 0, 1;
    %delay 40, 0;
    %pushi/vec4 1, 0, 1;
    %store/vec4 v000001eafea585c0_0, 0, 1;
    %delay 50, 0;
    %pushi/vec4 1, 0, 1;
    %store/vec4 v000001eafea58020_0, 0, 1;
    %delay 1, 0;
    %pushi/vec4 0, 0, 1;
    %store/vec4 v000001eafea58020_0, 0, 1;
    %delay 50, 0;
    %pushi/vec4 1, 0, 1;
    %store/vec4 v000001eafea58020_0, 0, 1;
    %delay 10, 0;
    %pushi/vec4 0, 0, 1;
    %store/vec4 v000001eafea58020_0, 0, 1;
    %delay 40, 0;
    %delay 2, 0;
    %pushi/vec4 0, 0, 1;
    %store/vec4 v000001eafea585c0_0, 0, 1;
    %delay 40, 0;
    %pushi/vec4 1, 0, 1;
    %store/vec4 v000001eafea585c0_0, 0, 1;
    %delay 40, 0;
    %vpi_call 2 74 "$finish" {0 0 0};
    %end;
    .thread T_5;
# The file index is used to find the file name in the following table.
:file_names 4;
    "N/A";
    "<interactive>";
    ".\tb_vending_machine.v";
    ".\vending_machine.v";
