#! /c/Source/iverilog-install/bin/vvp
:ivl_version "12.0 (devel)" "(s20150603-1539-g2693dd32b)";
:ivl_delay_selection "TYPICAL";
:vpi_time_precision - 11;
:vpi_module "C:\iverilog\lib\ivl\system.vpi";
:vpi_module "C:\iverilog\lib\ivl\vhdl_sys.vpi";
:vpi_module "C:\iverilog\lib\ivl\vhdl_textio.vpi";
:vpi_module "C:\iverilog\lib\ivl\v2005_math.vpi";
:vpi_module "C:\iverilog\lib\ivl\va_math.vpi";
S_0000026bef0482b0 .scope module, "t_selector" "t_selector" 2 3;
 .timescale -9 -11;
v0000026bef04c990_0 .var "A", 7 0;
v0000026bef04ca30_0 .var "B", 7 0;
v0000026bef04cad0_0 .var "SEL", 0 0;
v0000026bef04cb70_0 .net "Y", 7 0, v0000026bef048440_0;  1 drivers
S_0000026bef04c800 .scope module, "sel" "selector8" 2 23, 3 1 0, S_0000026bef0482b0;
 .timescale -9 -11;
    .port_info 0 /INPUT 8 "A";
    .port_info 1 /INPUT 8 "B";
    .port_info 2 /INPUT 1 "SEL";
    .port_info 3 /OUTPUT 8 "Y";
v0000026bef063210_0 .net "A", 7 0, v0000026bef04c990_0;  1 drivers
v0000026bef062ec0_0 .net "B", 7 0, v0000026bef04ca30_0;  1 drivers
v0000026bef0633e0_0 .net "SEL", 0 0, v0000026bef04cad0_0;  1 drivers
v0000026bef048440_0 .var "Y", 7 0;
E_0000026bef04b870 .event anyedge, v0000026bef0633e0_0, v0000026bef062ec0_0, v0000026bef063210_0;
    .scope S_0000026bef04c800;
T_0 ;
    %wait E_0000026bef04b870;
    %load/vec4 v0000026bef0633e0_0;
    %cmpi/e 0, 0, 1;
    %jmp/0xz  T_0.0, 4;
    %load/vec4 v0000026bef063210_0;
    %store/vec4 v0000026bef048440_0, 0, 8;
    %jmp T_0.1;
T_0.0 ;
    %load/vec4 v0000026bef062ec0_0;
    %store/vec4 v0000026bef048440_0, 0, 8;
T_0.1 ;
    %jmp T_0;
    .thread T_0, $push;
    .scope S_0000026bef0482b0;
T_1 ;
    %vpi_call 2 11 "$monitor", "%t A=%b B=%b SEL=%b Y=%b", $time, v0000026bef04c990_0, v0000026bef04ca30_0, v0000026bef04cad0_0, v0000026bef04cb70_0 {0 0 0};
    %pushi/vec4 170, 0, 8;
    %assign/vec4 v0000026bef04c990_0, 0;
    %pushi/vec4 85, 0, 8;
    %assign/vec4 v0000026bef04ca30_0, 0;
    %pushi/vec4 0, 0, 1;
    %assign/vec4 v0000026bef04cad0_0, 0;
    %delay 1000, 0;
    %pushi/vec4 1, 0, 1;
    %assign/vec4 v0000026bef04cad0_0, 0;
    %delay 1000, 0;
    %pushi/vec4 255, 0, 8;
    %assign/vec4 v0000026bef04ca30_0, 0;
    %delay 1000, 0;
    %pushi/vec4 0, 0, 1;
    %assign/vec4 v0000026bef04cad0_0, 0;
    %delay 1000, 0;
    %pushi/vec4 0, 0, 8;
    %assign/vec4 v0000026bef04c990_0, 0;
    %delay 1000, 0;
    %vpi_call 2 21 "$finish" {0 0 0};
    %end;
    .thread T_1;
# The file index is used to find the file name in the following table.
:file_names 4;
    "N/A";
    "<interactive>";
    "t_selector8.v";
    "selector8.v";
