#! /c/Source/iverilog-install/bin/vvp
:ivl_version "12.0 (devel)" "(s20150603-1539-g2693dd32b)";
:ivl_delay_selection "TYPICAL";
:vpi_time_precision - 11;
:vpi_module "C:\iverilog\lib\ivl\system.vpi";
:vpi_module "C:\iverilog\lib\ivl\vhdl_sys.vpi";
:vpi_module "C:\iverilog\lib\ivl\vhdl_textio.vpi";
:vpi_module "C:\iverilog\lib\ivl\v2005_math.vpi";
:vpi_module "C:\iverilog\lib\ivl\va_math.vpi";
S_00000261d022a820 .scope module, "t_processor" "t_processor" 2 5;
 .timescale -9 -11;
v00000261d0691990_0 .var "clock", 0 0;
v00000261d0690b30_0 .var/i "dmem", 31 0;
v00000261d0691350_0 .var "enable", 0 0;
v00000261d0690bd0_0 .var "reset", 0 0;
v00000261d0691530_0 .var "select_y", 3 0;
v00000261d06915d0_0 .var "start", 0 0;
v00000261d06903b0_0 .var/i "x", 31 0;
v00000261d0691cb0_0 .net "y", 15 0, v00000261d0690d10_0;  1 drivers
S_00000261d022a9b0 .scope task, "dmem_dump" "dmem_dump" 2 22, 2 22 0, S_00000261d022a820;
 .timescale -9 -11;
TD_t_processor.dmem_dump ;
    %pushi/vec4 0, 0, 32;
    %store/vec4 v00000261d06903b0_0, 0, 32;
    %vpi_call 2 25 "$fdisplay", v00000261d0690b30_0, "\000" {0 0 0};
    %pushi/vec4 256, 0, 32;
T_0.0 %dup/vec4;
    %pushi/vec4 0, 0, 32;
    %cmp/s;
    %jmp/1xz T_0.1, 5;
    %jmp/1 T_0.1, 4;
    %pushi/vec4 1, 0, 32;
    %sub;
    %vpi_call 2 28 "$fdisplay", v00000261d0690b30_0, "Add:%x, Cell:%x", v00000261d06903b0_0, &A<v00000261d0252910, v00000261d06903b0_0 > {0 0 0};
    %load/vec4 v00000261d06903b0_0;
    %addi 1, 0, 32;
    %store/vec4 v00000261d06903b0_0, 0, 32;
    %jmp T_0.0;
T_0.1 ;
    %pop/vec4 1;
    %end;
S_00000261d02302e0 .scope module, "processor" "processor" 2 54, 3 6 0, S_00000261d022a820;
 .timescale -9 -11;
    .port_info 0 /INPUT 1 "clock";
    .port_info 1 /INPUT 1 "reset";
    .port_info 2 /INPUT 1 "start";
    .port_info 3 /INPUT 1 "enable";
    .port_info 4 /INPUT 4 "select_y";
    .port_info 5 /OUTPUT 16 "y";
v00000261d0690130_0 .net "clock", 0 0, v00000261d0691990_0;  1 drivers
v00000261d0690270_0 .net "d_addr", 7 0, L_00000261d0690c70;  1 drivers
v00000261d06917b0_0 .net "d_datain", 15 0, L_00000261d022b3f0;  1 drivers
v00000261d0690810_0 .net "d_dataout", 15 0, L_00000261d022b9a0;  1 drivers
v00000261d0691030_0 .net "d_we", 0 0, L_00000261d022b000;  1 drivers
v00000261d0691c10_0 .net "enable", 0 0, v00000261d0691350_0;  1 drivers
v00000261d0690630_0 .net "i_addr", 7 0, v00000261d02539f0_0;  1 drivers
v00000261d0691170_0 .net "i_datain", 15 0, L_00000261d022bbd0;  1 drivers
v00000261d06901d0_0 .net "reset", 0 0, v00000261d0690bd0_0;  1 drivers
v00000261d06906d0_0 .net "select_y", 3 0, v00000261d0691530_0;  1 drivers
v00000261d0691850_0 .net "start", 0 0, v00000261d06915d0_0;  1 drivers
v00000261d0690310_0 .net "y", 15 0, v00000261d0690d10_0;  alias, 1 drivers
S_00000261d0230470 .scope module, "dmem" "dmem" 3 24, 3 38 0, S_00000261d02302e0;
 .timescale -9 -11;
    .port_info 0 /INPUT 8 "address";
    .port_info 1 /INPUT 1 "we";
    .port_info 2 /INPUT 1 "clock";
    .port_info 3 /INPUT 16 "data";
    .port_info 4 /OUTPUT 16 "q";
L_00000261d022b3f0 .functor BUFZ 16, L_00000261d0690450, C4<0000000000000000>, C4<0000000000000000>, C4<0000000000000000>;
v00000261d0253450_0 .net *"_ivl_0", 15 0, L_00000261d0690450;  1 drivers
v00000261d0253ef0_0 .net *"_ivl_2", 9 0, L_00000261d0691670;  1 drivers
L_00000261d0692140 .functor BUFT 1, C4<00>, C4<0>, C4<0>, C4<0>;
v00000261d0254170_0 .net *"_ivl_5", 1 0, L_00000261d0692140;  1 drivers
v00000261d0253590_0 .net "address", 7 0, L_00000261d0690c70;  alias, 1 drivers
v00000261d0254210_0 .net "clock", 0 0, v00000261d0691990_0;  alias, 1 drivers
v00000261d0254350_0 .net "data", 15 0, L_00000261d022b9a0;  alias, 1 drivers
v00000261d0252550_0 .net "q", 15 0, L_00000261d022b3f0;  alias, 1 drivers
v00000261d0252910 .array "ram", 0 255, 15 0;
v00000261d0253630_0 .net "we", 0 0, L_00000261d022b000;  alias, 1 drivers
E_00000261d02381e0 .event negedge, v00000261d0254210_0;
L_00000261d0690450 .array/port v00000261d0252910, L_00000261d0691670;
L_00000261d0691670 .concat [ 8 2 0 0], L_00000261d0690c70, L_00000261d0692140;
S_00000261d0230810 .scope module, "imem" "imem" 3 23, 3 28 0, S_00000261d02302e0;
 .timescale -9 -11;
    .port_info 0 /INPUT 8 "address";
    .port_info 1 /OUTPUT 16 "q";
L_00000261d022bbd0 .functor BUFZ 16, L_00000261d0691df0, C4<0000000000000000>, C4<0000000000000000>, C4<0000000000000000>;
v00000261d0252d70_0 .net *"_ivl_0", 15 0, L_00000261d0691df0;  1 drivers
v00000261d0253090_0 .net *"_ivl_2", 9 0, L_00000261d0690a90;  1 drivers
L_00000261d06920f8 .functor BUFT 1, C4<00>, C4<0>, C4<0>, C4<0>;
v00000261d02529b0_0 .net *"_ivl_5", 1 0, L_00000261d06920f8;  1 drivers
v00000261d0253db0_0 .net "address", 7 0, v00000261d02539f0_0;  alias, 1 drivers
v00000261d0253f90_0 .net "q", 15 0, L_00000261d022bbd0;  alias, 1 drivers
v00000261d0252a50 .array "ram", 0 255, 15 0;
L_00000261d0691df0 .array/port v00000261d0252a50, L_00000261d0690a90;
L_00000261d0690a90 .concat [ 8 2 0 0], v00000261d02539f0_0, L_00000261d06920f8;
S_00000261d02309a0 .scope module, "pcpu" "pcpu" 3 20, 4 66 0, S_00000261d02302e0;
 .timescale -9 -11;
    .port_info 0 /INPUT 1 "reset";
    .port_info 1 /INPUT 1 "clock";
    .port_info 2 /INPUT 1 "enable";
    .port_info 3 /INPUT 1 "start";
    .port_info 4 /OUTPUT 8 "i_addr";
    .port_info 5 /INPUT 16 "i_datain";
    .port_info 6 /OUTPUT 8 "d_addr";
    .port_info 7 /INPUT 16 "d_datain";
    .port_info 8 /OUTPUT 16 "d_dataout";
    .port_info 9 /OUTPUT 1 "d_we";
    .port_info 10 /INPUT 4 "select_y";
    .port_info 11 /OUTPUT 16 "y";
L_00000261d022b000 .functor BUFZ 1, v00000261d0252730_0, C4<0>, C4<0>, C4<0>;
L_00000261d022b9a0 .functor BUFZ 16, v00000261d0253e50_0, C4<0000000000000000>, C4<0000000000000000>, C4<0000000000000000>;
v00000261d0252b90_0 .var "ALUo", 15 0;
v00000261d0252eb0_0 .net *"_ivl_16", 4 0, L_00000261d0690e50;  1 drivers
v00000261d0253950_0 .net *"_ivl_37", 4 0, L_00000261d0690950;  1 drivers
v00000261d02536d0_0 .var "cf", 0 0;
v00000261d02540d0_0 .var "cf_next", 0 0;
v00000261d02534f0_0 .net "clock", 0 0, v00000261d0691990_0;  alias, 1 drivers
v00000261d0253770_0 .net "d_addr", 7 0, L_00000261d0690c70;  alias, 1 drivers
v00000261d0252ff0_0 .net "d_datain", 15 0, L_00000261d022b3f0;  alias, 1 drivers
v00000261d0253130_0 .net "d_dataout", 15 0, L_00000261d022b9a0;  alias, 1 drivers
v00000261d02525f0_0 .net "d_we", 0 0, L_00000261d022b000;  alias, 1 drivers
v00000261d0252730_0 .var "dw", 0 0;
v00000261d0252c30_0 .net "enable", 0 0, v00000261d0691350_0;  alias, 1 drivers
v00000261d0252cd0_0 .var "ex_ir", 15 0;
v00000261d0253810 .array "gr", 7 0, 15 0;
v00000261d0253a90_0 .net "i_addr", 7 0, v00000261d02539f0_0;  alias, 1 drivers
v00000261d0252e10_0 .net "i_datain", 15 0, L_00000261d022bbd0;  alias, 1 drivers
v00000261d0252690_0 .var "id_ir", 15 0;
v00000261d0253bd0_0 .var "mem_ir", 15 0;
v00000261d0252f50_0 .var "next_state", 0 0;
v00000261d0253270_0 .var "nf", 0 0;
v00000261d02539f0_0 .var "pc", 7 0;
v00000261d0253310_0 .var "reg_A", 15 0;
v00000261d02527d0_0 .var "reg_B", 15 0;
v00000261d02533b0_0 .var "reg_C", 15 0;
v00000261d02538b0_0 .var "reg_C1", 15 0;
v00000261d0253b30_0 .net "reset", 0 0, v00000261d0690bd0_0;  alias, 1 drivers
v00000261d0253c70_0 .net "select_y", 3 0, v00000261d0691530_0;  alias, 1 drivers
v00000261d0253d10_0 .var "smdr", 15 0;
v00000261d0253e50_0 .var "smdr1", 15 0;
v00000261d0690ef0_0 .net "start", 0 0, v00000261d06915d0_0;  alias, 1 drivers
v00000261d0690f90_0 .var "state", 0 0;
v00000261d0690590_0 .var "wb_ir", 15 0;
v00000261d0690d10_0 .var "y", 15 0;
v00000261d0691710_0 .var "zf", 0 0;
E_00000261d0238fa0/0 .event anyedge, v00000261d02539f0_0, v00000261d02536d0_0, v00000261d0253270_0, v00000261d0691710_0;
E_00000261d0238fa0/1 .event anyedge, v00000261d0252730_0, v00000261d0252690_0, v00000261d0253d10_0, v00000261d02538b0_0;
v00000261d0253810_7 .array/port v00000261d0253810, 7;
E_00000261d0238fa0/2 .event anyedge, v00000261d02533b0_0, v00000261d02527d0_0, v00000261d0253310_0, v00000261d0253810_7;
v00000261d0253810_6 .array/port v00000261d0253810, 6;
v00000261d0253810_5 .array/port v00000261d0253810, 5;
v00000261d0253810_4 .array/port v00000261d0253810, 4;
v00000261d0253810_3 .array/port v00000261d0253810, 3;
E_00000261d0238fa0/3 .event anyedge, v00000261d0253810_6, v00000261d0253810_5, v00000261d0253810_4, v00000261d0253810_3;
v00000261d0253810_2 .array/port v00000261d0253810, 2;
v00000261d0253810_1 .array/port v00000261d0253810, 1;
E_00000261d0238fa0/4 .event anyedge, v00000261d0253810_2, v00000261d0253810_1, v00000261d0253c70_0;
E_00000261d0238fa0 .event/or E_00000261d0238fa0/0, E_00000261d0238fa0/1, E_00000261d0238fa0/2, E_00000261d0238fa0/3, E_00000261d0238fa0/4;
E_00000261d0238220 .event anyedge, L_00000261d0690950, v00000261d02527d0_0, v00000261d0253310_0;
E_00000261d0238b20/0 .event negedge, v00000261d0253b30_0;
E_00000261d0238b20/1 .event posedge, v00000261d0254210_0;
E_00000261d0238b20 .event/or E_00000261d0238b20/0, E_00000261d0238b20/1;
E_00000261d02384a0 .event anyedge, L_00000261d0690e50, v00000261d0690ef0_0, v00000261d0252c30_0, v00000261d0690f90_0;
L_00000261d0690c70 .part v00000261d02533b0_0, 0, 8;
L_00000261d0690e50 .part v00000261d0690590_0, 11, 5;
L_00000261d0690950 .part v00000261d0252cd0_0, 11, 5;
    .scope S_00000261d02309a0;
T_1 ;
    %wait E_00000261d0238b20;
    %load/vec4 v00000261d0253b30_0;
    %nor/r;
    %flag_set/vec4 8;
    %jmp/0xz  T_1.0, 8;
    %pushi/vec4 0, 0, 1;
    %assign/vec4 v00000261d0690f90_0, 0;
    %jmp T_1.1;
T_1.0 ;
    %load/vec4 v00000261d0252f50_0;
    %assign/vec4 v00000261d0690f90_0, 0;
T_1.1 ;
    %jmp T_1;
    .thread T_1;
    .scope S_00000261d02309a0;
T_2 ;
    %wait E_00000261d02384a0;
    %load/vec4 v00000261d0690f90_0;
    %dup/vec4;
    %pushi/vec4 0, 0, 1;
    %cmp/u;
    %jmp/1 T_2.0, 6;
    %dup/vec4;
    %pushi/vec4 1, 0, 1;
    %cmp/u;
    %jmp/1 T_2.1, 6;
    %jmp T_2.2;
T_2.0 ;
    %load/vec4 v00000261d0252c30_0;
    %cmpi/e 1, 0, 1;
    %flag_get/vec4 4;
    %jmp/0 T_2.5, 4;
    %load/vec4 v00000261d0690ef0_0;
    %pushi/vec4 1, 0, 1;
    %cmp/e;
    %flag_get/vec4 4;
    %and;
T_2.5;
    %flag_set/vec4 8;
    %jmp/0xz  T_2.3, 8;
    %pushi/vec4 1, 0, 1;
    %assign/vec4 v00000261d0252f50_0, 0;
    %jmp T_2.4;
T_2.3 ;
    %pushi/vec4 0, 0, 1;
    %assign/vec4 v00000261d0252f50_0, 0;
T_2.4 ;
    %jmp T_2.2;
T_2.1 ;
    %load/vec4 v00000261d0252c30_0;
    %cmpi/e 0, 0, 1;
    %jmp/1 T_2.8, 4;
    %flag_mov 8, 4;
    %load/vec4 v00000261d0690590_0;
    %parti/s 5, 11, 5;
    %cmpi/e 1, 0, 5;
    %flag_or 4, 8;
T_2.8;
    %jmp/0xz  T_2.6, 4;
    %pushi/vec4 0, 0, 1;
    %assign/vec4 v00000261d0252f50_0, 0;
    %jmp T_2.7;
T_2.6 ;
    %pushi/vec4 1, 0, 1;
    %assign/vec4 v00000261d0252f50_0, 0;
T_2.7 ;
    %jmp T_2.2;
T_2.2 ;
    %pop/vec4 1;
    %jmp T_2;
    .thread T_2, $push;
    .scope S_00000261d02309a0;
T_3 ;
    %wait E_00000261d0238b20;
    %load/vec4 v00000261d0253b30_0;
    %nor/r;
    %flag_set/vec4 8;
    %jmp/0xz  T_3.0, 8;
    %pushi/vec4 0, 0, 16;
    %assign/vec4 v00000261d0252690_0, 0;
    %pushi/vec4 0, 0, 8;
    %assign/vec4 v00000261d02539f0_0, 0;
    %jmp T_3.1;
T_3.0 ;
    %load/vec4 v00000261d0690f90_0;
    %cmpi/e 1, 0, 1;
    %jmp/0xz  T_3.2, 4;
    %load/vec4 v00000261d0252690_0;
    %parti/s 5, 11, 5;
    %cmpi/e 2, 0, 5;
    %flag_get/vec4 4;
    %jmp/0 T_3.7, 4;
    %load/vec4 v00000261d0252e10_0;
    %parti/s 5, 11, 5;
    %cmpi/e 8, 0, 5;
    %jmp/1 T_3.16, 4;
    %flag_mov 10, 4;
    %load/vec4 v00000261d0252e10_0;
    %parti/s 5, 11, 5;
    %cmpi/e 17, 0, 5;
    %flag_or 4, 10;
T_3.16;
    %jmp/1 T_3.15, 4;
    %flag_mov 10, 4;
    %load/vec4 v00000261d0252e10_0;
    %parti/s 5, 11, 5;
    %cmpi/e 10, 0, 5;
    %flag_or 4, 10;
T_3.15;
    %jmp/1 T_3.14, 4;
    %flag_mov 10, 4;
    %load/vec4 v00000261d0252e10_0;
    %parti/s 5, 11, 5;
    %cmpi/e 20, 0, 5;
    %flag_or 4, 10;
T_3.14;
    %jmp/1 T_3.13, 4;
    %flag_mov 10, 4;
    %load/vec4 v00000261d0252e10_0;
    %parti/s 5, 11, 5;
    %cmpi/e 12, 0, 5;
    %flag_or 4, 10;
T_3.13;
    %jmp/1 T_3.12, 4;
    %flag_mov 10, 4;
    %load/vec4 v00000261d0252e10_0;
    %parti/s 5, 11, 5;
    %cmpi/e 13, 0, 5;
    %flag_or 4, 10;
T_3.12;
    %jmp/1 T_3.11, 4;
    %flag_mov 10, 4;
    %load/vec4 v00000261d0252e10_0;
    %parti/s 5, 11, 5;
    %cmpi/e 14, 0, 5;
    %flag_or 4, 10;
T_3.11;
    %jmp/1 T_3.10, 4;
    %flag_mov 10, 4;
    %load/vec4 v00000261d0252e10_0;
    %parti/s 5, 11, 5;
    %cmpi/e 15, 0, 5;
    %flag_or 4, 10;
T_3.10;
    %jmp/1 T_3.9, 4;
    %flag_mov 10, 4;
    %load/vec4 v00000261d0252e10_0;
    %parti/s 5, 11, 5;
    %cmpi/e 18, 0, 5;
    %flag_or 4, 10;
T_3.9;
    %flag_get/vec4 4;
    %jmp/1 T_3.8, 4;
    %load/vec4 v00000261d0252e10_0;
    %parti/s 5, 11, 5;
    %pushi/vec4 22, 0, 5;
    %cmp/e;
    %flag_get/vec4 4;
    %or;
T_3.8;
    %and;
T_3.7;
    %flag_set/vec4 9;
    %flag_get/vec4 9;
    %jmp/0 T_3.6, 9;
    %load/vec4 v00000261d0252690_0;
    %parti/s 3, 8, 5;
    %pad/u 4;
    %load/vec4 v00000261d0252e10_0;
    %parti/s 4, 4, 4;
    %cmp/e;
    %flag_get/vec4 4;
    %jmp/1 T_3.17, 4;
    %load/vec4 v00000261d0252690_0;
    %parti/s 3, 8, 5;
    %pad/u 4;
    %load/vec4 v00000261d0252e10_0;
    %parti/s 4, 0, 2;
    %cmp/e;
    %flag_get/vec4 4;
    %or;
T_3.17;
    %and;
T_3.6;
    %flag_set/vec4 8;
    %jmp/0xz  T_3.4, 8;
    %pushi/vec4 65535, 65535, 16;
    %assign/vec4 v00000261d0252690_0, 0;
    %load/vec4 v00000261d02539f0_0;
    %assign/vec4 v00000261d02539f0_0, 0;
    %jmp T_3.5;
T_3.4 ;
    %load/vec4 v00000261d0252690_0;
    %parti/s 5, 11, 5;
    %cmpi/e 2, 0, 5;
    %flag_get/vec4 4;
    %jmp/0 T_3.21, 4;
    %load/vec4 v00000261d0252e10_0;
    %parti/s 5, 11, 5;
    %cmpi/e 9, 0, 5;
    %jmp/1 T_3.29, 4;
    %flag_mov 10, 4;
    %load/vec4 v00000261d0252e10_0;
    %parti/s 5, 11, 5;
    %cmpi/e 11, 0, 5;
    %flag_or 4, 10;
T_3.29;
    %jmp/1 T_3.28, 4;
    %flag_mov 10, 4;
    %load/vec4 v00000261d0252e10_0;
    %parti/s 5, 11, 5;
    %cmpi/e 25, 0, 5;
    %flag_or 4, 10;
T_3.28;
    %jmp/1 T_3.27, 4;
    %flag_mov 10, 4;
    %load/vec4 v00000261d0252e10_0;
    %parti/s 5, 11, 5;
    %cmpi/e 26, 0, 5;
    %flag_or 4, 10;
T_3.27;
    %jmp/1 T_3.26, 4;
    %flag_mov 10, 4;
    %load/vec4 v00000261d0252e10_0;
    %parti/s 5, 11, 5;
    %cmpi/e 27, 0, 5;
    %flag_or 4, 10;
T_3.26;
    %jmp/1 T_3.25, 4;
    %flag_mov 10, 4;
    %load/vec4 v00000261d0252e10_0;
    %parti/s 5, 11, 5;
    %cmpi/e 28, 0, 5;
    %flag_or 4, 10;
T_3.25;
    %jmp/1 T_3.24, 4;
    %flag_mov 10, 4;
    %load/vec4 v00000261d0252e10_0;
    %parti/s 5, 11, 5;
    %cmpi/e 29, 0, 5;
    %flag_or 4, 10;
T_3.24;
    %jmp/1 T_3.23, 4;
    %flag_mov 10, 4;
    %load/vec4 v00000261d0252e10_0;
    %parti/s 5, 11, 5;
    %cmpi/e 30, 0, 5;
    %flag_or 4, 10;
T_3.23;
    %flag_get/vec4 4;
    %jmp/1 T_3.22, 4;
    %load/vec4 v00000261d0252e10_0;
    %parti/s 5, 11, 5;
    %pushi/vec4 31, 0, 5;
    %cmp/e;
    %flag_get/vec4 4;
    %or;
T_3.22;
    %and;
T_3.21;
    %flag_set/vec4 9;
    %flag_get/vec4 9;
    %jmp/0 T_3.20, 9;
    %load/vec4 v00000261d0252690_0;
    %parti/s 3, 8, 5;
    %load/vec4 v00000261d0252e10_0;
    %parti/s 3, 8, 5;
    %cmp/e;
    %flag_get/vec4 4;
    %and;
T_3.20;
    %flag_set/vec4 8;
    %jmp/0xz  T_3.18, 8;
    %pushi/vec4 65535, 65535, 16;
    %assign/vec4 v00000261d0252690_0, 0;
    %load/vec4 v00000261d02539f0_0;
    %assign/vec4 v00000261d02539f0_0, 0;
    %jmp T_3.19;
T_3.18 ;
    %load/vec4 v00000261d0252690_0;
    %parti/s 5, 11, 5;
    %cmpi/e 2, 0, 5;
    %flag_get/vec4 4;
    %jmp/0 T_3.34, 4;
    %load/vec4 v00000261d0252e10_0;
    %parti/s 5, 11, 5;
    %cmpi/e 2, 0, 5;
    %jmp/1 T_3.42, 4;
    %flag_mov 11, 4;
    %load/vec4 v00000261d0252e10_0;
    %parti/s 5, 11, 5;
    %cmpi/e 3, 0, 5;
    %flag_or 4, 11;
T_3.42;
    %jmp/1 T_3.41, 4;
    %flag_mov 11, 4;
    %load/vec4 v00000261d0252e10_0;
    %parti/s 5, 11, 5;
    %cmpi/e 4, 0, 5;
    %flag_or 4, 11;
T_3.41;
    %jmp/1 T_3.40, 4;
    %flag_mov 11, 4;
    %load/vec4 v00000261d0252e10_0;
    %parti/s 5, 11, 5;
    %cmpi/e 5, 0, 5;
    %flag_or 4, 11;
T_3.40;
    %jmp/1 T_3.39, 4;
    %flag_mov 11, 4;
    %load/vec4 v00000261d0252e10_0;
    %parti/s 5, 11, 5;
    %cmpi/e 6, 0, 5;
    %flag_or 4, 11;
T_3.39;
    %jmp/1 T_3.38, 4;
    %flag_mov 11, 4;
    %load/vec4 v00000261d0252e10_0;
    %parti/s 5, 11, 5;
    %cmpi/e 7, 0, 5;
    %flag_or 4, 11;
T_3.38;
    %jmp/1 T_3.37, 4;
    %flag_mov 11, 4;
    %load/vec4 v00000261d0252e10_0;
    %parti/s 5, 11, 5;
    %cmpi/e 23, 0, 5;
    %flag_or 4, 11;
T_3.37;
    %jmp/1 T_3.36, 4;
    %flag_mov 11, 4;
    %load/vec4 v00000261d0252e10_0;
    %parti/s 5, 11, 5;
    %cmpi/e 19, 0, 5;
    %flag_or 4, 11;
T_3.36;
    %flag_get/vec4 4;
    %jmp/1 T_3.35, 4;
    %load/vec4 v00000261d0252e10_0;
    %parti/s 5, 11, 5;
    %pushi/vec4 21, 0, 5;
    %cmp/e;
    %flag_get/vec4 4;
    %or;
T_3.35;
    %and;
T_3.34;
    %flag_set/vec4 10;
    %flag_get/vec4 10;
    %jmp/0 T_3.33, 10;
    %load/vec4 v00000261d0252690_0;
    %parti/s 3, 8, 5;
    %pad/u 4;
    %load/vec4 v00000261d0252e10_0;
    %parti/s 4, 4, 4;
    %cmp/e;
    %flag_get/vec4 4;
    %and;
T_3.33;
    %flag_set/vec4 9;
    %flag_get/vec4 9;
    %jmp/0 T_3.32, 9;
    %load/vec4 v00000261d0252e10_0;
    %parti/s 4, 4, 4;
    %pushi/vec4 0, 0, 4;
    %cmp/ne;
    %flag_get/vec4 6;
    %and;
T_3.32;
    %flag_set/vec4 8;
    %jmp/0xz  T_3.30, 8;
    %pushi/vec4 65535, 65535, 16;
    %assign/vec4 v00000261d0252690_0, 0;
    %load/vec4 v00000261d02539f0_0;
    %assign/vec4 v00000261d02539f0_0, 0;
    %jmp T_3.31;
T_3.30 ;
    %load/vec4 v00000261d0252e10_0;
    %assign/vec4 v00000261d0252690_0, 0;
    %load/vec4 v00000261d0253bd0_0;
    %parti/s 5, 11, 5;
    %cmpi/e 24, 0, 5;
    %jmp/1 T_3.51, 4;
    %flag_mov 8, 4;
    %load/vec4 v00000261d0253bd0_0;
    %parti/s 5, 11, 5;
    %cmpi/e 25, 0, 5;
    %flag_or 4, 8;
T_3.51;
    %jmp/1 T_3.50, 4;
    %flag_mov 8, 4;
    %load/vec4 v00000261d0253bd0_0;
    %parti/s 5, 11, 5;
    %cmpi/e 26, 0, 5;
    %flag_get/vec4 4;
    %jmp/0 T_3.52, 4;
    %load/vec4 v00000261d0691710_0;
    %pushi/vec4 1, 0, 1;
    %cmp/e;
    %flag_get/vec4 4;
    %and;
T_3.52;
    %flag_set/vec4 9;
    %flag_or 9, 8;
    %flag_mov 4, 9;
T_3.50;
    %jmp/1 T_3.49, 4;
    %flag_mov 8, 4;
    %load/vec4 v00000261d0253bd0_0;
    %parti/s 5, 11, 5;
    %cmpi/e 27, 0, 5;
    %flag_get/vec4 4;
    %jmp/0 T_3.53, 4;
    %load/vec4 v00000261d0691710_0;
    %pushi/vec4 0, 0, 1;
    %cmp/e;
    %flag_get/vec4 4;
    %and;
T_3.53;
    %flag_set/vec4 9;
    %flag_or 9, 8;
    %flag_mov 4, 9;
T_3.49;
    %jmp/1 T_3.48, 4;
    %flag_mov 8, 4;
    %load/vec4 v00000261d0253bd0_0;
    %parti/s 5, 11, 5;
    %cmpi/e 28, 0, 5;
    %flag_get/vec4 4;
    %jmp/0 T_3.54, 4;
    %load/vec4 v00000261d0253270_0;
    %pushi/vec4 1, 0, 1;
    %cmp/e;
    %flag_get/vec4 4;
    %and;
T_3.54;
    %flag_set/vec4 9;
    %flag_or 9, 8;
    %flag_mov 4, 9;
T_3.48;
    %jmp/1 T_3.47, 4;
    %flag_mov 8, 4;
    %load/vec4 v00000261d0253bd0_0;
    %parti/s 5, 11, 5;
    %cmpi/e 29, 0, 5;
    %flag_get/vec4 4;
    %jmp/0 T_3.55, 4;
    %load/vec4 v00000261d0253270_0;
    %pushi/vec4 0, 0, 1;
    %cmp/e;
    %flag_get/vec4 4;
    %and;
T_3.55;
    %flag_set/vec4 9;
    %flag_or 9, 8;
    %flag_mov 4, 9;
T_3.47;
    %jmp/1 T_3.46, 4;
    %flag_mov 8, 4;
    %load/vec4 v00000261d0253bd0_0;
    %parti/s 5, 11, 5;
    %cmpi/e 30, 0, 5;
    %flag_get/vec4 4;
    %jmp/0 T_3.56, 4;
    %load/vec4 v00000261d02536d0_0;
    %pushi/vec4 1, 0, 1;
    %cmp/e;
    %flag_get/vec4 4;
    %and;
T_3.56;
    %flag_set/vec4 9;
    %flag_or 9, 8;
    %flag_mov 4, 9;
T_3.46;
    %jmp/1 T_3.45, 4;
    %flag_mov 8, 4;
    %load/vec4 v00000261d0253bd0_0;
    %parti/s 5, 11, 5;
    %cmpi/e 31, 0, 5;
    %flag_get/vec4 4;
    %jmp/0 T_3.57, 4;
    %load/vec4 v00000261d02536d0_0;
    %pushi/vec4 0, 0, 1;
    %cmp/e;
    %flag_get/vec4 4;
    %and;
T_3.57;
    %flag_set/vec4 9;
    %flag_or 9, 8;
    %flag_mov 4, 9;
T_3.45;
    %jmp/0xz  T_3.43, 4;
    %load/vec4 v00000261d02533b0_0;
    %parti/s 8, 0, 2;
    %assign/vec4 v00000261d02539f0_0, 0;
    %jmp T_3.44;
T_3.43 ;
    %load/vec4 v00000261d02539f0_0;
    %addi 1, 0, 8;
    %assign/vec4 v00000261d02539f0_0, 0;
T_3.44 ;
T_3.31 ;
T_3.19 ;
T_3.5 ;
    %jmp T_3.3;
T_3.2 ;
    %load/vec4 v00000261d02539f0_0;
    %assign/vec4 v00000261d02539f0_0, 0;
    %load/vec4 v00000261d0252690_0;
    %assign/vec4 v00000261d0252690_0, 0;
T_3.3 ;
T_3.1 ;
    %jmp T_3;
    .thread T_3;
    .scope S_00000261d02309a0;
T_4 ;
    %wait E_00000261d0238b20;
    %load/vec4 v00000261d0253b30_0;
    %nor/r;
    %flag_set/vec4 8;
    %jmp/0xz  T_4.0, 8;
    %pushi/vec4 0, 0, 16;
    %assign/vec4 v00000261d0252cd0_0, 0;
    %pushi/vec4 0, 0, 16;
    %assign/vec4 v00000261d0253310_0, 0;
    %pushi/vec4 0, 0, 16;
    %assign/vec4 v00000261d02527d0_0, 0;
    %pushi/vec4 0, 0, 16;
    %assign/vec4 v00000261d0253d10_0, 0;
    %jmp T_4.1;
T_4.0 ;
    %load/vec4 v00000261d0690f90_0;
    %cmpi/e 1, 0, 1;
    %jmp/0xz  T_4.2, 4;
    %load/vec4 v00000261d0252690_0;
    %assign/vec4 v00000261d0252cd0_0, 0;
    %load/vec4 v00000261d0252690_0;
    %parti/s 5, 11, 5;
    %cmpi/e 3, 0, 5;
    %jmp/0xz  T_4.4, 4;
    %load/vec4 v00000261d0252690_0;
    %parti/s 3, 8, 5;
    %pad/u 5;
    %ix/vec4 4;
    %load/vec4a v00000261d0253810, 4;
    %assign/vec4 v00000261d0253d10_0, 0;
T_4.4 ;
    %load/vec4 v00000261d0252690_0;
    %parti/s 5, 11, 5;
    %cmpi/ne 0, 0, 5;
    %flag_get/vec4 6;
    %jmp/0 T_4.9, 6;
    %load/vec4 v00000261d0252cd0_0;
    %parti/s 5, 11, 5;
    %pushi/vec4 0, 0, 5;
    %cmp/ne;
    %flag_get/vec4 6;
    %and;
T_4.9;
    %flag_set/vec4 9;
    %flag_get/vec4 9;
    %jmp/0 T_4.8, 9;
    %load/vec4 v00000261d0252690_0;
    %parti/s 4, 4, 4;
    %load/vec4 v00000261d0252cd0_0;
    %parti/s 3, 8, 5;
    %pad/u 4;
    %cmp/e;
    %flag_get/vec4 4;
    %and;
T_4.8;
    %flag_set/vec4 8;
    %jmp/0xz  T_4.6, 8;
    %load/vec4 v00000261d0252b90_0;
    %assign/vec4 v00000261d0253310_0, 0;
    %jmp T_4.7;
T_4.6 ;
    %load/vec4 v00000261d0252690_0;
    %parti/s 5, 11, 5;
    %cmpi/ne 0, 0, 5;
    %flag_get/vec4 6;
    %jmp/0 T_4.13, 6;
    %load/vec4 v00000261d0690590_0;
    %parti/s 5, 11, 5;
    %pushi/vec4 0, 0, 5;
    %cmp/ne;
    %flag_get/vec4 6;
    %and;
T_4.13;
    %flag_set/vec4 9;
    %flag_get/vec4 9;
    %jmp/0 T_4.12, 9;
    %load/vec4 v00000261d0252690_0;
    %parti/s 4, 4, 4;
    %load/vec4 v00000261d0690590_0;
    %parti/s 3, 8, 5;
    %pad/u 4;
    %cmp/e;
    %flag_get/vec4 4;
    %and;
T_4.12;
    %flag_set/vec4 8;
    %jmp/0xz  T_4.10, 8;
    %load/vec4 v00000261d02538b0_0;
    %assign/vec4 v00000261d0253310_0, 0;
    %jmp T_4.11;
T_4.10 ;
    %load/vec4 v00000261d0252690_0;
    %parti/s 5, 11, 5;
    %cmpi/ne 0, 0, 5;
    %flag_get/vec4 6;
    %jmp/0 T_4.17, 6;
    %load/vec4 v00000261d0253bd0_0;
    %parti/s 5, 11, 5;
    %pushi/vec4 0, 0, 5;
    %cmp/ne;
    %flag_get/vec4 6;
    %and;
T_4.17;
    %flag_set/vec4 9;
    %flag_get/vec4 9;
    %jmp/0 T_4.16, 9;
    %load/vec4 v00000261d0252690_0;
    %parti/s 4, 4, 4;
    %load/vec4 v00000261d0253bd0_0;
    %parti/s 3, 8, 5;
    %pad/u 4;
    %cmp/e;
    %flag_get/vec4 4;
    %and;
T_4.16;
    %flag_set/vec4 8;
    %jmp/0xz  T_4.14, 8;
    %load/vec4 v00000261d0252ff0_0;
    %assign/vec4 v00000261d0253310_0, 0;
    %jmp T_4.15;
T_4.14 ;
    %load/vec4 v00000261d0252690_0;
    %parti/s 5, 11, 5;
    %cmpi/ne 0, 0, 5;
    %flag_get/vec4 6;
    %jmp/0 T_4.21, 6;
    %load/vec4 v00000261d0690590_0;
    %parti/s 5, 11, 5;
    %pushi/vec4 0, 0, 5;
    %cmp/ne;
    %flag_get/vec4 6;
    %and;
T_4.21;
    %flag_set/vec4 9;
    %flag_get/vec4 9;
    %jmp/0 T_4.20, 9;
    %load/vec4 v00000261d0252690_0;
    %parti/s 4, 0, 2;
    %load/vec4 v00000261d0690590_0;
    %parti/s 3, 8, 5;
    %pad/u 4;
    %cmp/e;
    %flag_get/vec4 4;
    %and;
T_4.20;
    %flag_set/vec4 8;
    %jmp/0xz  T_4.18, 8;
    %load/vec4 v00000261d02538b0_0;
    %assign/vec4 v00000261d0253310_0, 0;
    %jmp T_4.19;
T_4.18 ;
    %load/vec4 v00000261d0252690_0;
    %parti/s 5, 11, 5;
    %cmpi/e 16, 0, 5;
    %jmp/1 T_4.33, 4;
    %flag_mov 8, 4;
    %load/vec4 v00000261d0252690_0;
    %parti/s 5, 11, 5;
    %cmpi/e 9, 0, 5;
    %flag_or 4, 8;
T_4.33;
    %jmp/1 T_4.32, 4;
    %flag_mov 8, 4;
    %load/vec4 v00000261d0252690_0;
    %parti/s 5, 11, 5;
    %cmpi/e 11, 0, 5;
    %flag_or 4, 8;
T_4.32;
    %jmp/1 T_4.31, 4;
    %flag_mov 8, 4;
    %load/vec4 v00000261d0252690_0;
    %parti/s 5, 11, 5;
    %cmpi/e 26, 0, 5;
    %flag_or 4, 8;
T_4.31;
    %jmp/1 T_4.30, 4;
    %flag_mov 8, 4;
    %load/vec4 v00000261d0252690_0;
    %parti/s 5, 11, 5;
    %cmpi/e 27, 0, 5;
    %flag_or 4, 8;
T_4.30;
    %jmp/1 T_4.29, 4;
    %flag_mov 8, 4;
    %load/vec4 v00000261d0252690_0;
    %parti/s 5, 11, 5;
    %cmpi/e 28, 0, 5;
    %flag_or 4, 8;
T_4.29;
    %jmp/1 T_4.28, 4;
    %flag_mov 8, 4;
    %load/vec4 v00000261d0252690_0;
    %parti/s 5, 11, 5;
    %cmpi/e 29, 0, 5;
    %flag_or 4, 8;
T_4.28;
    %jmp/1 T_4.27, 4;
    %flag_mov 8, 4;
    %load/vec4 v00000261d0252690_0;
    %parti/s 5, 11, 5;
    %cmpi/e 30, 0, 5;
    %flag_or 4, 8;
T_4.27;
    %jmp/1 T_4.26, 4;
    %flag_mov 8, 4;
    %load/vec4 v00000261d0252690_0;
    %parti/s 5, 11, 5;
    %cmpi/e 31, 0, 5;
    %flag_or 4, 8;
T_4.26;
    %jmp/1 T_4.25, 4;
    %flag_mov 8, 4;
    %load/vec4 v00000261d0252690_0;
    %parti/s 5, 11, 5;
    %cmpi/e 24, 0, 5;
    %flag_or 4, 8;
T_4.25;
    %jmp/1 T_4.24, 4;
    %flag_mov 8, 4;
    %load/vec4 v00000261d0252690_0;
    %parti/s 5, 11, 5;
    %cmpi/e 25, 0, 5;
    %flag_or 4, 8;
T_4.24;
    %jmp/0xz  T_4.22, 4;
    %load/vec4 v00000261d0252690_0;
    %parti/s 3, 8, 5;
    %pad/u 5;
    %ix/vec4 4;
    %load/vec4a v00000261d0253810, 4;
    %assign/vec4 v00000261d0253310_0, 0;
    %jmp T_4.23;
T_4.22 ;
    %load/vec4 v00000261d0252690_0;
    %parti/s 3, 4, 4;
    %pad/u 5;
    %ix/vec4 4;
    %load/vec4a v00000261d0253810, 4;
    %assign/vec4 v00000261d0253310_0, 0;
T_4.23 ;
T_4.19 ;
T_4.15 ;
T_4.11 ;
T_4.7 ;
    %load/vec4 v00000261d0252690_0;
    %parti/s 5, 11, 5;
    %cmpi/ne 0, 0, 5;
    %flag_get/vec4 6;
    %jmp/0 T_4.37, 6;
    %load/vec4 v00000261d0253bd0_0;
    %parti/s 5, 11, 5;
    %pushi/vec4 0, 0, 5;
    %cmp/ne;
    %flag_get/vec4 6;
    %and;
T_4.37;
    %flag_set/vec4 9;
    %flag_get/vec4 9;
    %jmp/0 T_4.36, 9;
    %load/vec4 v00000261d0252690_0;
    %parti/s 4, 0, 2;
    %load/vec4 v00000261d0253bd0_0;
    %parti/s 3, 8, 5;
    %pad/u 4;
    %cmp/e;
    %flag_get/vec4 4;
    %and;
T_4.36;
    %flag_set/vec4 8;
    %jmp/0xz  T_4.34, 8;
    %load/vec4 v00000261d02533b0_0;
    %assign/vec4 v00000261d02527d0_0, 0;
    %jmp T_4.35;
T_4.34 ;
    %load/vec4 v00000261d0252690_0;
    %parti/s 5, 11, 5;
    %cmpi/ne 0, 0, 5;
    %flag_get/vec4 6;
    %jmp/0 T_4.41, 6;
    %load/vec4 v00000261d0690590_0;
    %parti/s 5, 11, 5;
    %pushi/vec4 0, 0, 5;
    %cmp/ne;
    %flag_get/vec4 6;
    %and;
T_4.41;
    %flag_set/vec4 9;
    %flag_get/vec4 9;
    %jmp/0 T_4.40, 9;
    %load/vec4 v00000261d0252690_0;
    %parti/s 4, 0, 2;
    %load/vec4 v00000261d0690590_0;
    %parti/s 3, 8, 5;
    %pad/u 4;
    %cmp/e;
    %flag_get/vec4 4;
    %and;
T_4.40;
    %flag_set/vec4 8;
    %jmp/0xz  T_4.38, 8;
    %load/vec4 v00000261d02538b0_0;
    %assign/vec4 v00000261d02527d0_0, 0;
    %jmp T_4.39;
T_4.38 ;
    %load/vec4 v00000261d0252690_0;
    %parti/s 5, 11, 5;
    %cmpi/e 2, 0, 5;
    %jmp/1 T_4.49, 4;
    %flag_mov 8, 4;
    %load/vec4 v00000261d0252690_0;
    %parti/s 5, 11, 5;
    %cmpi/e 4, 0, 5;
    %flag_or 4, 8;
T_4.49;
    %jmp/1 T_4.48, 4;
    %flag_mov 8, 4;
    %load/vec4 v00000261d0252690_0;
    %parti/s 5, 11, 5;
    %cmpi/e 5, 0, 5;
    %flag_or 4, 8;
T_4.48;
    %jmp/1 T_4.47, 4;
    %flag_mov 8, 4;
    %load/vec4 v00000261d0252690_0;
    %parti/s 5, 11, 5;
    %cmpi/e 6, 0, 5;
    %flag_or 4, 8;
T_4.47;
    %jmp/1 T_4.46, 4;
    %flag_mov 8, 4;
    %load/vec4 v00000261d0252690_0;
    %parti/s 5, 11, 5;
    %cmpi/e 7, 0, 5;
    %flag_or 4, 8;
T_4.46;
    %jmp/1 T_4.45, 4;
    %flag_mov 8, 4;
    %load/vec4 v00000261d0252690_0;
    %parti/s 5, 11, 5;
    %cmpi/e 19, 0, 5;
    %flag_or 4, 8;
T_4.45;
    %jmp/1 T_4.44, 4;
    %flag_mov 8, 4;
    %load/vec4 v00000261d0252690_0;
    %parti/s 5, 11, 5;
    %cmpi/e 21, 0, 5;
    %flag_or 4, 8;
T_4.44;
    %jmp/0xz  T_4.42, 4;
    %pushi/vec4 0, 0, 12;
    %load/vec4 v00000261d0252690_0;
    %parti/s 4, 0, 2;
    %concat/vec4; draw_concat_vec4
    %assign/vec4 v00000261d02527d0_0, 0;
    %jmp T_4.43;
T_4.42 ;
    %load/vec4 v00000261d0252690_0;
    %parti/s 5, 11, 5;
    %cmpi/e 23, 0, 5;
    %jmp/0xz  T_4.50, 4;
    %pushi/vec4 4095, 0, 12;
    %load/vec4 v00000261d0252690_0;
    %parti/s 4, 0, 2;
    %concat/vec4; draw_concat_vec4
    %assign/vec4 v00000261d02527d0_0, 0;
    %jmp T_4.51;
T_4.50 ;
    %load/vec4 v00000261d0252690_0;
    %parti/s 5, 11, 5;
    %cmpi/e 16, 0, 5;
    %jmp/1 T_4.63, 4;
    %flag_mov 8, 4;
    %load/vec4 v00000261d0252690_0;
    %parti/s 5, 11, 5;
    %cmpi/e 9, 0, 5;
    %flag_or 4, 8;
T_4.63;
    %jmp/1 T_4.62, 4;
    %flag_mov 8, 4;
    %load/vec4 v00000261d0252690_0;
    %parti/s 5, 11, 5;
    %cmpi/e 11, 0, 5;
    %flag_or 4, 8;
T_4.62;
    %jmp/1 T_4.61, 4;
    %flag_mov 8, 4;
    %load/vec4 v00000261d0252690_0;
    %parti/s 5, 11, 5;
    %cmpi/e 26, 0, 5;
    %flag_or 4, 8;
T_4.61;
    %jmp/1 T_4.60, 4;
    %flag_mov 8, 4;
    %load/vec4 v00000261d0252690_0;
    %parti/s 5, 11, 5;
    %cmpi/e 27, 0, 5;
    %flag_or 4, 8;
T_4.60;
    %jmp/1 T_4.59, 4;
    %flag_mov 8, 4;
    %load/vec4 v00000261d0252690_0;
    %parti/s 5, 11, 5;
    %cmpi/e 28, 0, 5;
    %flag_or 4, 8;
T_4.59;
    %jmp/1 T_4.58, 4;
    %flag_mov 8, 4;
    %load/vec4 v00000261d0252690_0;
    %parti/s 5, 11, 5;
    %cmpi/e 29, 0, 5;
    %flag_or 4, 8;
T_4.58;
    %jmp/1 T_4.57, 4;
    %flag_mov 8, 4;
    %load/vec4 v00000261d0252690_0;
    %parti/s 5, 11, 5;
    %cmpi/e 30, 0, 5;
    %flag_or 4, 8;
T_4.57;
    %jmp/1 T_4.56, 4;
    %flag_mov 8, 4;
    %load/vec4 v00000261d0252690_0;
    %parti/s 5, 11, 5;
    %cmpi/e 31, 0, 5;
    %flag_or 4, 8;
T_4.56;
    %jmp/1 T_4.55, 4;
    %flag_mov 8, 4;
    %load/vec4 v00000261d0252690_0;
    %parti/s 5, 11, 5;
    %cmpi/e 24, 0, 5;
    %flag_or 4, 8;
T_4.55;
    %jmp/1 T_4.54, 4;
    %flag_mov 8, 4;
    %load/vec4 v00000261d0252690_0;
    %parti/s 5, 11, 5;
    %cmpi/e 25, 0, 5;
    %flag_or 4, 8;
T_4.54;
    %jmp/0xz  T_4.52, 4;
    %pushi/vec4 0, 0, 8;
    %load/vec4 v00000261d0252690_0;
    %parti/s 8, 0, 2;
    %concat/vec4; draw_concat_vec4
    %assign/vec4 v00000261d02527d0_0, 0;
    %jmp T_4.53;
T_4.52 ;
    %load/vec4 v00000261d0252690_0;
    %parti/s 5, 11, 5;
    %cmpi/e 3, 0, 5;
    %jmp/0xz  T_4.64, 4;
    %pushi/vec4 0, 0, 12;
    %load/vec4 v00000261d0252690_0;
    %parti/s 4, 0, 2;
    %concat/vec4; draw_concat_vec4
    %assign/vec4 v00000261d02527d0_0, 0;
    %jmp T_4.65;
T_4.64 ;
    %load/vec4 v00000261d0252690_0;
    %parti/s 3, 0, 2;
    %pad/u 5;
    %ix/vec4 4;
    %load/vec4a v00000261d0253810, 4;
    %assign/vec4 v00000261d02527d0_0, 0;
T_4.65 ;
T_4.53 ;
T_4.51 ;
T_4.43 ;
T_4.39 ;
T_4.35 ;
T_4.2 ;
T_4.1 ;
    %jmp T_4;
    .thread T_4;
    .scope S_00000261d02309a0;
T_5 ;
    %wait E_00000261d0238b20;
    %load/vec4 v00000261d0253b30_0;
    %nor/r;
    %flag_set/vec4 8;
    %jmp/0xz  T_5.0, 8;
    %pushi/vec4 0, 0, 16;
    %assign/vec4 v00000261d0253bd0_0, 0;
    %pushi/vec4 0, 0, 16;
    %assign/vec4 v00000261d02533b0_0, 0;
    %pushi/vec4 0, 0, 16;
    %assign/vec4 v00000261d0253e50_0, 0;
    %pushi/vec4 0, 0, 1;
    %assign/vec4 v00000261d0691710_0, 0;
    %pushi/vec4 0, 0, 1;
    %assign/vec4 v00000261d0253270_0, 0;
    %pushi/vec4 0, 0, 1;
    %assign/vec4 v00000261d02536d0_0, 0;
    %pushi/vec4 0, 0, 1;
    %assign/vec4 v00000261d0252730_0, 0;
    %jmp T_5.1;
T_5.0 ;
    %load/vec4 v00000261d0690f90_0;
    %cmpi/e 1, 0, 1;
    %jmp/0xz  T_5.2, 4;
    %load/vec4 v00000261d0252cd0_0;
    %assign/vec4 v00000261d0253bd0_0, 0;
    %load/vec4 v00000261d0252b90_0;
    %assign/vec4 v00000261d02533b0_0, 0;
    %load/vec4 v00000261d02540d0_0;
    %assign/vec4 v00000261d02536d0_0, 0;
    %load/vec4 v00000261d0252cd0_0;
    %parti/s 5, 11, 5;
    %cmpi/e 8, 0, 5;
    %jmp/1 T_5.22, 4;
    %flag_mov 8, 4;
    %load/vec4 v00000261d0252cd0_0;
    %parti/s 5, 11, 5;
    %cmpi/e 9, 0, 5;
    %flag_or 4, 8;
T_5.22;
    %jmp/1 T_5.21, 4;
    %flag_mov 8, 4;
    %load/vec4 v00000261d0252cd0_0;
    %parti/s 5, 11, 5;
    %cmpi/e 17, 0, 5;
    %flag_or 4, 8;
T_5.21;
    %jmp/1 T_5.20, 4;
    %flag_mov 8, 4;
    %load/vec4 v00000261d0252cd0_0;
    %parti/s 5, 11, 5;
    %cmpi/e 10, 0, 5;
    %flag_or 4, 8;
T_5.20;
    %jmp/1 T_5.19, 4;
    %flag_mov 8, 4;
    %load/vec4 v00000261d0252cd0_0;
    %parti/s 5, 11, 5;
    %cmpi/e 11, 0, 5;
    %flag_or 4, 8;
T_5.19;
    %jmp/1 T_5.18, 4;
    %flag_mov 8, 4;
    %load/vec4 v00000261d0252cd0_0;
    %parti/s 5, 11, 5;
    %cmpi/e 20, 0, 5;
    %flag_or 4, 8;
T_5.18;
    %jmp/1 T_5.17, 4;
    %flag_mov 8, 4;
    %load/vec4 v00000261d0252cd0_0;
    %parti/s 5, 11, 5;
    %cmpi/e 12, 0, 5;
    %flag_or 4, 8;
T_5.17;
    %jmp/1 T_5.16, 4;
    %flag_mov 8, 4;
    %load/vec4 v00000261d0252cd0_0;
    %parti/s 5, 11, 5;
    %cmpi/e 13, 0, 5;
    %flag_or 4, 8;
T_5.16;
    %jmp/1 T_5.15, 4;
    %flag_mov 8, 4;
    %load/vec4 v00000261d0252cd0_0;
    %parti/s 5, 11, 5;
    %cmpi/e 14, 0, 5;
    %flag_or 4, 8;
T_5.15;
    %jmp/1 T_5.14, 4;
    %flag_mov 8, 4;
    %load/vec4 v00000261d0252cd0_0;
    %parti/s 5, 11, 5;
    %cmpi/e 15, 0, 5;
    %flag_or 4, 8;
T_5.14;
    %jmp/1 T_5.13, 4;
    %flag_mov 8, 4;
    %load/vec4 v00000261d0252cd0_0;
    %parti/s 5, 11, 5;
    %cmpi/e 4, 0, 5;
    %flag_or 4, 8;
T_5.13;
    %jmp/1 T_5.12, 4;
    %flag_mov 8, 4;
    %load/vec4 v00000261d0252cd0_0;
    %parti/s 5, 11, 5;
    %cmpi/e 5, 0, 5;
    %flag_or 4, 8;
T_5.12;
    %jmp/1 T_5.11, 4;
    %flag_mov 8, 4;
    %load/vec4 v00000261d0252cd0_0;
    %parti/s 5, 11, 5;
    %cmpi/e 6, 0, 5;
    %flag_or 4, 8;
T_5.11;
    %jmp/1 T_5.10, 4;
    %flag_mov 8, 4;
    %load/vec4 v00000261d0252cd0_0;
    %parti/s 5, 11, 5;
    %cmpi/e 7, 0, 5;
    %flag_or 4, 8;
T_5.10;
    %jmp/1 T_5.9, 4;
    %flag_mov 8, 4;
    %load/vec4 v00000261d0252cd0_0;
    %parti/s 5, 11, 5;
    %cmpi/e 18, 0, 5;
    %flag_or 4, 8;
T_5.9;
    %jmp/1 T_5.8, 4;
    %flag_mov 8, 4;
    %load/vec4 v00000261d0252cd0_0;
    %parti/s 5, 11, 5;
    %cmpi/e 23, 0, 5;
    %flag_or 4, 8;
T_5.8;
    %jmp/1 T_5.7, 4;
    %flag_mov 8, 4;
    %load/vec4 v00000261d0252cd0_0;
    %parti/s 5, 11, 5;
    %cmpi/e 19, 0, 5;
    %flag_or 4, 8;
T_5.7;
    %jmp/1 T_5.6, 4;
    %flag_mov 8, 4;
    %load/vec4 v00000261d0252cd0_0;
    %parti/s 5, 11, 5;
    %cmpi/e 21, 0, 5;
    %flag_or 4, 8;
T_5.6;
    %jmp/0xz  T_5.4, 4;
    %load/vec4 v00000261d0252b90_0;
    %cmpi/e 0, 0, 16;
    %jmp/0xz  T_5.23, 4;
    %pushi/vec4 1, 0, 1;
    %assign/vec4 v00000261d0691710_0, 0;
    %jmp T_5.24;
T_5.23 ;
    %pushi/vec4 0, 0, 1;
    %assign/vec4 v00000261d0691710_0, 0;
T_5.24 ;
    %load/vec4 v00000261d0252b90_0;
    %parti/s 1, 15, 5;
    %cmpi/e 1, 0, 1;
    %jmp/0xz  T_5.25, 4;
    %pushi/vec4 1, 0, 1;
    %assign/vec4 v00000261d0253270_0, 0;
    %jmp T_5.26;
T_5.25 ;
    %pushi/vec4 0, 0, 1;
    %assign/vec4 v00000261d0253270_0, 0;
T_5.26 ;
T_5.4 ;
    %load/vec4 v00000261d0252cd0_0;
    %parti/s 5, 11, 5;
    %cmpi/e 3, 0, 5;
    %jmp/0xz  T_5.27, 4;
    %pushi/vec4 1, 0, 1;
    %assign/vec4 v00000261d0252730_0, 0;
    %load/vec4 v00000261d0253d10_0;
    %assign/vec4 v00000261d0253e50_0, 0;
    %jmp T_5.28;
T_5.27 ;
    %pushi/vec4 0, 0, 1;
    %assign/vec4 v00000261d0252730_0, 0;
T_5.28 ;
T_5.2 ;
T_5.1 ;
    %jmp T_5;
    .thread T_5;
    .scope S_00000261d02309a0;
T_6 ;
    %wait E_00000261d0238b20;
    %load/vec4 v00000261d0253b30_0;
    %nor/r;
    %flag_set/vec4 8;
    %jmp/0xz  T_6.0, 8;
    %pushi/vec4 0, 0, 16;
    %assign/vec4 v00000261d0690590_0, 0;
    %pushi/vec4 0, 0, 16;
    %assign/vec4 v00000261d02538b0_0, 0;
    %jmp T_6.1;
T_6.0 ;
    %load/vec4 v00000261d0690f90_0;
    %cmpi/e 1, 0, 1;
    %jmp/0xz  T_6.2, 4;
    %load/vec4 v00000261d0253bd0_0;
    %assign/vec4 v00000261d0690590_0, 0;
    %load/vec4 v00000261d0253bd0_0;
    %parti/s 5, 11, 5;
    %cmpi/e 2, 0, 5;
    %jmp/0xz  T_6.4, 4;
    %load/vec4 v00000261d0252ff0_0;
    %assign/vec4 v00000261d02538b0_0, 0;
    %jmp T_6.5;
T_6.4 ;
    %load/vec4 v00000261d02533b0_0;
    %assign/vec4 v00000261d02538b0_0, 0;
T_6.5 ;
T_6.2 ;
T_6.1 ;
    %jmp T_6;
    .thread T_6;
    .scope S_00000261d02309a0;
T_7 ;
    %wait E_00000261d0238b20;
    %load/vec4 v00000261d0253b30_0;
    %nor/r;
    %flag_set/vec4 8;
    %jmp/0xz  T_7.0, 8;
    %pushi/vec4 0, 0, 16;
    %ix/load 3, 0, 0;
    %flag_set/imm 4, 0;
    %ix/load 4, 0, 0; Constant delay
    %assign/vec4/a/d v00000261d0253810, 0, 4;
    %pushi/vec4 0, 0, 16;
    %ix/load 3, 1, 0;
    %flag_set/imm 4, 0;
    %ix/load 4, 0, 0; Constant delay
    %assign/vec4/a/d v00000261d0253810, 0, 4;
    %pushi/vec4 0, 0, 16;
    %ix/load 3, 2, 0;
    %flag_set/imm 4, 0;
    %ix/load 4, 0, 0; Constant delay
    %assign/vec4/a/d v00000261d0253810, 0, 4;
    %pushi/vec4 0, 0, 16;
    %ix/load 3, 3, 0;
    %flag_set/imm 4, 0;
    %ix/load 4, 0, 0; Constant delay
    %assign/vec4/a/d v00000261d0253810, 0, 4;
    %pushi/vec4 0, 0, 16;
    %ix/load 3, 4, 0;
    %flag_set/imm 4, 0;
    %ix/load 4, 0, 0; Constant delay
    %assign/vec4/a/d v00000261d0253810, 0, 4;
    %pushi/vec4 0, 0, 16;
    %ix/load 3, 5, 0;
    %flag_set/imm 4, 0;
    %ix/load 4, 0, 0; Constant delay
    %assign/vec4/a/d v00000261d0253810, 0, 4;
    %pushi/vec4 0, 0, 16;
    %ix/load 3, 6, 0;
    %flag_set/imm 4, 0;
    %ix/load 4, 0, 0; Constant delay
    %assign/vec4/a/d v00000261d0253810, 0, 4;
    %pushi/vec4 0, 0, 16;
    %ix/load 3, 7, 0;
    %flag_set/imm 4, 0;
    %ix/load 4, 0, 0; Constant delay
    %assign/vec4/a/d v00000261d0253810, 0, 4;
    %jmp T_7.1;
T_7.0 ;
    %load/vec4 v00000261d0690f90_0;
    %cmpi/e 1, 0, 1;
    %jmp/0xz  T_7.2, 4;
    %load/vec4 v00000261d0690590_0;
    %parti/s 3, 8, 5;
    %cmpi/ne 0, 0, 3;
    %jmp/0xz  T_7.4, 4;
    %load/vec4 v00000261d0690590_0;
    %parti/s 5, 11, 5;
    %cmpi/e 2, 0, 5;
    %jmp/1 T_7.26, 4;
    %flag_mov 8, 4;
    %load/vec4 v00000261d0690590_0;
    %parti/s 5, 11, 5;
    %cmpi/e 8, 0, 5;
    %flag_or 4, 8;
T_7.26;
    %jmp/1 T_7.25, 4;
    %flag_mov 8, 4;
    %load/vec4 v00000261d0690590_0;
    %parti/s 5, 11, 5;
    %cmpi/e 16, 0, 5;
    %flag_or 4, 8;
T_7.25;
    %jmp/1 T_7.24, 4;
    %flag_mov 8, 4;
    %load/vec4 v00000261d0690590_0;
    %parti/s 5, 11, 5;
    %cmpi/e 9, 0, 5;
    %flag_or 4, 8;
T_7.24;
    %jmp/1 T_7.23, 4;
    %flag_mov 8, 4;
    %load/vec4 v00000261d0690590_0;
    %parti/s 5, 11, 5;
    %cmpi/e 17, 0, 5;
    %flag_or 4, 8;
T_7.23;
    %jmp/1 T_7.22, 4;
    %flag_mov 8, 4;
    %load/vec4 v00000261d0690590_0;
    %parti/s 5, 11, 5;
    %cmpi/e 10, 0, 5;
    %flag_or 4, 8;
T_7.22;
    %jmp/1 T_7.21, 4;
    %flag_mov 8, 4;
    %load/vec4 v00000261d0690590_0;
    %parti/s 5, 11, 5;
    %cmpi/e 11, 0, 5;
    %flag_or 4, 8;
T_7.21;
    %jmp/1 T_7.20, 4;
    %flag_mov 8, 4;
    %load/vec4 v00000261d0690590_0;
    %parti/s 5, 11, 5;
    %cmpi/e 20, 0, 5;
    %flag_or 4, 8;
T_7.20;
    %jmp/1 T_7.19, 4;
    %flag_mov 8, 4;
    %load/vec4 v00000261d0690590_0;
    %parti/s 5, 11, 5;
    %cmpi/e 13, 0, 5;
    %flag_or 4, 8;
T_7.19;
    %jmp/1 T_7.18, 4;
    %flag_mov 8, 4;
    %load/vec4 v00000261d0690590_0;
    %parti/s 5, 11, 5;
    %cmpi/e 14, 0, 5;
    %flag_or 4, 8;
T_7.18;
    %jmp/1 T_7.17, 4;
    %flag_mov 8, 4;
    %load/vec4 v00000261d0690590_0;
    %parti/s 5, 11, 5;
    %cmpi/e 15, 0, 5;
    %flag_or 4, 8;
T_7.17;
    %jmp/1 T_7.16, 4;
    %flag_mov 8, 4;
    %load/vec4 v00000261d0690590_0;
    %parti/s 5, 11, 5;
    %cmpi/e 4, 0, 5;
    %flag_or 4, 8;
T_7.16;
    %jmp/1 T_7.15, 4;
    %flag_mov 8, 4;
    %load/vec4 v00000261d0690590_0;
    %parti/s 5, 11, 5;
    %cmpi/e 5, 0, 5;
    %flag_or 4, 8;
T_7.15;
    %jmp/1 T_7.14, 4;
    %flag_mov 8, 4;
    %load/vec4 v00000261d0690590_0;
    %parti/s 5, 11, 5;
    %cmpi/e 6, 0, 5;
    %flag_or 4, 8;
T_7.14;
    %jmp/1 T_7.13, 4;
    %flag_mov 8, 4;
    %load/vec4 v00000261d0690590_0;
    %parti/s 5, 11, 5;
    %cmpi/e 7, 0, 5;
    %flag_or 4, 8;
T_7.13;
    %jmp/1 T_7.12, 4;
    %flag_mov 8, 4;
    %load/vec4 v00000261d0690590_0;
    %parti/s 5, 11, 5;
    %cmpi/e 18, 0, 5;
    %flag_or 4, 8;
T_7.12;
    %jmp/1 T_7.11, 4;
    %flag_mov 8, 4;
    %load/vec4 v00000261d0690590_0;
    %parti/s 5, 11, 5;
    %cmpi/e 23, 0, 5;
    %flag_or 4, 8;
T_7.11;
    %jmp/1 T_7.10, 4;
    %flag_mov 8, 4;
    %load/vec4 v00000261d0690590_0;
    %parti/s 5, 11, 5;
    %cmpi/e 19, 0, 5;
    %flag_or 4, 8;
T_7.10;
    %jmp/1 T_7.9, 4;
    %flag_mov 8, 4;
    %load/vec4 v00000261d0690590_0;
    %parti/s 5, 11, 5;
    %cmpi/e 21, 0, 5;
    %flag_or 4, 8;
T_7.9;
    %jmp/1 T_7.8, 4;
    %flag_mov 8, 4;
    %load/vec4 v00000261d0690590_0;
    %parti/s 5, 11, 5;
    %cmpi/e 22, 0, 5;
    %flag_or 4, 8;
T_7.8;
    %jmp/0xz  T_7.6, 4;
    %load/vec4 v00000261d02538b0_0;
    %load/vec4 v00000261d0690590_0;
    %parti/s 3, 8, 5;
    %pad/u 5;
    %ix/vec4 3;
    %ix/load 4, 0, 0; Constant delay
    %assign/vec4/a/d v00000261d0253810, 0, 4;
T_7.6 ;
T_7.4 ;
T_7.2 ;
T_7.1 ;
    %jmp T_7;
    .thread T_7;
    .scope S_00000261d02309a0;
T_8 ;
    %wait E_00000261d0238220;
    %load/vec4 v00000261d0252cd0_0;
    %parti/s 5, 11, 5;
    %dup/vec4;
    %pushi/vec4 0, 0, 5;
    %cmp/u;
    %jmp/1 T_8.0, 6;
    %dup/vec4;
    %pushi/vec4 1, 0, 5;
    %cmp/u;
    %jmp/1 T_8.1, 6;
    %dup/vec4;
    %pushi/vec4 2, 0, 5;
    %cmp/u;
    %jmp/1 T_8.2, 6;
    %dup/vec4;
    %pushi/vec4 3, 0, 5;
    %cmp/u;
    %jmp/1 T_8.3, 6;
    %dup/vec4;
    %pushi/vec4 16, 0, 5;
    %cmp/u;
    %jmp/1 T_8.4, 6;
    %dup/vec4;
    %pushi/vec4 8, 0, 5;
    %cmp/u;
    %jmp/1 T_8.5, 6;
    %dup/vec4;
    %pushi/vec4 9, 0, 5;
    %cmp/u;
    %jmp/1 T_8.6, 6;
    %dup/vec4;
    %pushi/vec4 17, 0, 5;
    %cmp/u;
    %jmp/1 T_8.7, 6;
    %dup/vec4;
    %pushi/vec4 10, 0, 5;
    %cmp/u;
    %jmp/1 T_8.8, 6;
    %dup/vec4;
    %pushi/vec4 11, 0, 5;
    %cmp/u;
    %jmp/1 T_8.9, 6;
    %dup/vec4;
    %pushi/vec4 20, 0, 5;
    %cmp/u;
    %jmp/1 T_8.10, 6;
    %dup/vec4;
    %pushi/vec4 12, 0, 5;
    %cmp/u;
    %jmp/1 T_8.11, 6;
    %dup/vec4;
    %pushi/vec4 18, 0, 5;
    %cmp/u;
    %jmp/1 T_8.12, 6;
    %dup/vec4;
    %pushi/vec4 22, 0, 5;
    %cmp/u;
    %jmp/1 T_8.13, 6;
    %dup/vec4;
    %pushi/vec4 13, 0, 5;
    %cmp/u;
    %jmp/1 T_8.14, 6;
    %dup/vec4;
    %pushi/vec4 23, 0, 5;
    %cmp/u;
    %jmp/1 T_8.15, 6;
    %dup/vec4;
    %pushi/vec4 14, 0, 5;
    %cmp/u;
    %jmp/1 T_8.16, 6;
    %dup/vec4;
    %pushi/vec4 19, 0, 5;
    %cmp/u;
    %jmp/1 T_8.17, 6;
    %dup/vec4;
    %pushi/vec4 15, 0, 5;
    %cmp/u;
    %jmp/1 T_8.18, 6;
    %dup/vec4;
    %pushi/vec4 21, 0, 5;
    %cmp/u;
    %jmp/1 T_8.19, 6;
    %dup/vec4;
    %pushi/vec4 4, 0, 5;
    %cmp/u;
    %jmp/1 T_8.20, 6;
    %dup/vec4;
    %pushi/vec4 5, 0, 5;
    %cmp/u;
    %jmp/1 T_8.21, 6;
    %dup/vec4;
    %pushi/vec4 6, 0, 5;
    %cmp/u;
    %jmp/1 T_8.22, 6;
    %dup/vec4;
    %pushi/vec4 7, 0, 5;
    %cmp/u;
    %jmp/1 T_8.23, 6;
    %dup/vec4;
    %pushi/vec4 24, 0, 5;
    %cmp/u;
    %jmp/1 T_8.24, 6;
    %dup/vec4;
    %pushi/vec4 25, 0, 5;
    %cmp/u;
    %jmp/1 T_8.25, 6;
    %dup/vec4;
    %pushi/vec4 26, 0, 5;
    %cmp/u;
    %jmp/1 T_8.26, 6;
    %dup/vec4;
    %pushi/vec4 27, 0, 5;
    %cmp/u;
    %jmp/1 T_8.27, 6;
    %dup/vec4;
    %pushi/vec4 28, 0, 5;
    %cmp/u;
    %jmp/1 T_8.28, 6;
    %dup/vec4;
    %pushi/vec4 29, 0, 5;
    %cmp/u;
    %jmp/1 T_8.29, 6;
    %dup/vec4;
    %pushi/vec4 30, 0, 5;
    %cmp/u;
    %jmp/1 T_8.30, 6;
    %dup/vec4;
    %pushi/vec4 31, 0, 5;
    %cmp/u;
    %jmp/1 T_8.31, 6;
    %pushi/vec4 65535, 65535, 16;
    %store/vec4 v00000261d0252b90_0, 0, 16;
    %load/vec4 v00000261d02540d0_0;
    %store/vec4 v00000261d02540d0_0, 0, 1;
    %jmp T_8.33;
T_8.0 ;
    %load/vec4 v00000261d0252b90_0;
    %store/vec4 v00000261d0252b90_0, 0, 16;
    %load/vec4 v00000261d02540d0_0;
    %store/vec4 v00000261d02540d0_0, 0, 1;
    %jmp T_8.33;
T_8.1 ;
    %load/vec4 v00000261d0252b90_0;
    %store/vec4 v00000261d0252b90_0, 0, 16;
    %load/vec4 v00000261d02540d0_0;
    %store/vec4 v00000261d02540d0_0, 0, 1;
    %jmp T_8.33;
T_8.2 ;
    %load/vec4 v00000261d0253310_0;
    %load/vec4 v00000261d02527d0_0;
    %add;
    %store/vec4 v00000261d0252b90_0, 0, 16;
    %load/vec4 v00000261d02540d0_0;
    %store/vec4 v00000261d02540d0_0, 0, 1;
    %jmp T_8.33;
T_8.3 ;
    %load/vec4 v00000261d0253310_0;
    %load/vec4 v00000261d02527d0_0;
    %add;
    %store/vec4 v00000261d0252b90_0, 0, 16;
    %load/vec4 v00000261d02540d0_0;
    %store/vec4 v00000261d02540d0_0, 0, 1;
    %jmp T_8.33;
T_8.4 ;
    %load/vec4 v00000261d02527d0_0;
    %parti/s 8, 0, 2;
    %concati/vec4 0, 0, 8;
    %store/vec4 v00000261d0252b90_0, 0, 16;
    %pushi/vec4 0, 0, 1;
    %store/vec4 v00000261d02540d0_0, 0, 1;
    %jmp T_8.33;
T_8.5 ;
    %pushi/vec4 0, 0, 1;
    %load/vec4 v00000261d0253310_0;
    %concat/vec4; draw_concat_vec4
    %pushi/vec4 0, 0, 1;
    %load/vec4 v00000261d02527d0_0;
    %concat/vec4; draw_concat_vec4
    %add;
    %split/vec4 16;
    %store/vec4 v00000261d0252b90_0, 0, 16;
    %store/vec4 v00000261d02540d0_0, 0, 1;
    %jmp T_8.33;
T_8.6 ;
    %pushi/vec4 0, 0, 1;
    %load/vec4 v00000261d0253310_0;
    %concat/vec4; draw_concat_vec4
    %pushi/vec4 0, 0, 1;
    %load/vec4 v00000261d02527d0_0;
    %concat/vec4; draw_concat_vec4
    %add;
    %split/vec4 16;
    %store/vec4 v00000261d0252b90_0, 0, 16;
    %store/vec4 v00000261d02540d0_0, 0, 1;
    %jmp T_8.33;
T_8.7 ;
    %pushi/vec4 0, 0, 1;
    %load/vec4 v00000261d0253310_0;
    %concat/vec4; draw_concat_vec4
    %pushi/vec4 0, 0, 1;
    %load/vec4 v00000261d02527d0_0;
    %concat/vec4; draw_concat_vec4
    %add;
    %load/vec4 v00000261d02536d0_0;
    %pad/u 17;
    %add;
    %split/vec4 16;
    %store/vec4 v00000261d0252b90_0, 0, 16;
    %store/vec4 v00000261d02540d0_0, 0, 1;
    %jmp T_8.33;
T_8.8 ;
    %pushi/vec4 0, 0, 1;
    %load/vec4 v00000261d0253310_0;
    %concat/vec4; draw_concat_vec4
    %pushi/vec4 0, 0, 1;
    %load/vec4 v00000261d02527d0_0;
    %concat/vec4; draw_concat_vec4
    %sub;
    %split/vec4 16;
    %store/vec4 v00000261d0252b90_0, 0, 16;
    %store/vec4 v00000261d02540d0_0, 0, 1;
    %jmp T_8.33;
T_8.9 ;
    %pushi/vec4 0, 0, 1;
    %load/vec4 v00000261d0253310_0;
    %concat/vec4; draw_concat_vec4
    %pushi/vec4 0, 0, 1;
    %load/vec4 v00000261d02527d0_0;
    %concat/vec4; draw_concat_vec4
    %sub;
    %split/vec4 16;
    %store/vec4 v00000261d0252b90_0, 0, 16;
    %store/vec4 v00000261d02540d0_0, 0, 1;
    %jmp T_8.33;
T_8.10 ;
    %pushi/vec4 0, 0, 1;
    %load/vec4 v00000261d0253310_0;
    %concat/vec4; draw_concat_vec4
    %pushi/vec4 0, 0, 1;
    %load/vec4 v00000261d02527d0_0;
    %concat/vec4; draw_concat_vec4
    %sub;
    %load/vec4 v00000261d02536d0_0;
    %pad/u 17;
    %sub;
    %split/vec4 16;
    %store/vec4 v00000261d0252b90_0, 0, 16;
    %store/vec4 v00000261d02540d0_0, 0, 1;
    %jmp T_8.33;
T_8.11 ;
    %pushi/vec4 0, 0, 1;
    %load/vec4 v00000261d0253310_0;
    %concat/vec4; draw_concat_vec4
    %pushi/vec4 0, 0, 1;
    %load/vec4 v00000261d02527d0_0;
    %concat/vec4; draw_concat_vec4
    %sub;
    %split/vec4 16;
    %store/vec4 v00000261d0252b90_0, 0, 16;
    %store/vec4 v00000261d02540d0_0, 0, 1;
    %jmp T_8.33;
T_8.12 ;
    %pushi/vec4 0, 0, 1;
    %load/vec4 v00000261d0253310_0;
    %concat/vec4; draw_concat_vec4
    %pushi/vec4 0, 0, 1;
    %load/vec4 v00000261d02527d0_0;
    %concat/vec4; draw_concat_vec4
    %mul;
    %split/vec4 16;
    %store/vec4 v00000261d0252b90_0, 0, 16;
    %store/vec4 v00000261d02540d0_0, 0, 1;
    %jmp T_8.33;
T_8.13 ;
    %pushi/vec4 0, 0, 1;
    %load/vec4 v00000261d0253310_0;
    %concat/vec4; draw_concat_vec4
    %pushi/vec4 0, 0, 1;
    %load/vec4 v00000261d02527d0_0;
    %concat/vec4; draw_concat_vec4
    %div;
    %split/vec4 16;
    %store/vec4 v00000261d0252b90_0, 0, 16;
    %store/vec4 v00000261d02540d0_0, 0, 1;
    %jmp T_8.33;
T_8.14 ;
    %load/vec4 v00000261d0253310_0;
    %load/vec4 v00000261d02527d0_0;
    %and;
    %store/vec4 v00000261d0252b90_0, 0, 16;
    %pushi/vec4 0, 0, 1;
    %store/vec4 v00000261d02540d0_0, 0, 1;
    %jmp T_8.33;
T_8.15 ;
    %load/vec4 v00000261d0253310_0;
    %pad/u 28;
    %pushi/vec4 4095, 0, 12;
    %load/vec4 v00000261d02527d0_0;
    %concat/vec4; draw_concat_vec4
    %and;
    %pad/u 16;
    %store/vec4 v00000261d0252b90_0, 0, 16;
    %pushi/vec4 0, 0, 1;
    %store/vec4 v00000261d02540d0_0, 0, 1;
    %jmp T_8.33;
T_8.16 ;
    %load/vec4 v00000261d0253310_0;
    %load/vec4 v00000261d02527d0_0;
    %or;
    %store/vec4 v00000261d0252b90_0, 0, 16;
    %pushi/vec4 0, 0, 1;
    %store/vec4 v00000261d02540d0_0, 0, 1;
    %jmp T_8.33;
T_8.17 ;
    %load/vec4 v00000261d0253310_0;
    %pad/u 28;
    %pushi/vec4 0, 0, 12;
    %load/vec4 v00000261d02527d0_0;
    %concat/vec4; draw_concat_vec4
    %or;
    %pad/u 16;
    %store/vec4 v00000261d0252b90_0, 0, 16;
    %pushi/vec4 0, 0, 1;
    %store/vec4 v00000261d02540d0_0, 0, 1;
    %jmp T_8.33;
T_8.18 ;
    %load/vec4 v00000261d0253310_0;
    %load/vec4 v00000261d02527d0_0;
    %xor;
    %store/vec4 v00000261d0252b90_0, 0, 16;
    %pushi/vec4 0, 0, 1;
    %store/vec4 v00000261d02540d0_0, 0, 1;
    %jmp T_8.33;
T_8.19 ;
    %load/vec4 v00000261d0253310_0;
    %pad/u 28;
    %pushi/vec4 0, 0, 12;
    %load/vec4 v00000261d02527d0_0;
    %concat/vec4; draw_concat_vec4
    %xor;
    %pad/u 16;
    %store/vec4 v00000261d0252b90_0, 0, 16;
    %pushi/vec4 0, 0, 1;
    %store/vec4 v00000261d02540d0_0, 0, 1;
    %jmp T_8.33;
T_8.20 ;
    %load/vec4 v00000261d0253310_0;
    %ix/getv 4, v00000261d02527d0_0;
    %shiftl 4;
    %store/vec4 v00000261d0252b90_0, 0, 16;
    %load/vec4 v00000261d02540d0_0;
    %store/vec4 v00000261d02540d0_0, 0, 1;
    %jmp T_8.33;
T_8.21 ;
    %load/vec4 v00000261d0253310_0;
    %ix/getv 4, v00000261d02527d0_0;
    %shiftr 4;
    %store/vec4 v00000261d0252b90_0, 0, 16;
    %load/vec4 v00000261d02540d0_0;
    %store/vec4 v00000261d02540d0_0, 0, 1;
    %jmp T_8.33;
T_8.22 ;
    %load/vec4 v00000261d0253310_0;
    %ix/getv 4, v00000261d02527d0_0;
    %shiftl 4;
    %store/vec4 v00000261d0252b90_0, 0, 16;
    %load/vec4 v00000261d02540d0_0;
    %store/vec4 v00000261d02540d0_0, 0, 1;
    %jmp T_8.33;
T_8.23 ;
    %load/vec4 v00000261d0253310_0;
    %ix/getv 4, v00000261d02527d0_0;
    %shiftr 4;
    %store/vec4 v00000261d0252b90_0, 0, 16;
    %load/vec4 v00000261d02540d0_0;
    %store/vec4 v00000261d02540d0_0, 0, 1;
    %jmp T_8.33;
T_8.24 ;
    %load/vec4 v00000261d02527d0_0;
    %store/vec4 v00000261d0252b90_0, 0, 16;
    %load/vec4 v00000261d02540d0_0;
    %store/vec4 v00000261d02540d0_0, 0, 1;
    %jmp T_8.33;
T_8.25 ;
    %load/vec4 v00000261d0253310_0;
    %load/vec4 v00000261d02527d0_0;
    %add;
    %store/vec4 v00000261d0252b90_0, 0, 16;
    %load/vec4 v00000261d02540d0_0;
    %store/vec4 v00000261d02540d0_0, 0, 1;
    %jmp T_8.33;
T_8.26 ;
    %load/vec4 v00000261d0253310_0;
    %load/vec4 v00000261d02527d0_0;
    %add;
    %store/vec4 v00000261d0252b90_0, 0, 16;
    %load/vec4 v00000261d02540d0_0;
    %store/vec4 v00000261d02540d0_0, 0, 1;
    %jmp T_8.33;
T_8.27 ;
    %load/vec4 v00000261d0253310_0;
    %load/vec4 v00000261d02527d0_0;
    %add;
    %store/vec4 v00000261d0252b90_0, 0, 16;
    %load/vec4 v00000261d02540d0_0;
    %store/vec4 v00000261d02540d0_0, 0, 1;
    %jmp T_8.33;
T_8.28 ;
    %load/vec4 v00000261d0253310_0;
    %load/vec4 v00000261d02527d0_0;
    %add;
    %store/vec4 v00000261d0252b90_0, 0, 16;
    %load/vec4 v00000261d02540d0_0;
    %store/vec4 v00000261d02540d0_0, 0, 1;
    %jmp T_8.33;
T_8.29 ;
    %load/vec4 v00000261d0253310_0;
    %load/vec4 v00000261d02527d0_0;
    %add;
    %store/vec4 v00000261d0252b90_0, 0, 16;
    %load/vec4 v00000261d02540d0_0;
    %store/vec4 v00000261d02540d0_0, 0, 1;
    %jmp T_8.33;
T_8.30 ;
    %load/vec4 v00000261d0253310_0;
    %load/vec4 v00000261d02527d0_0;
    %add;
    %store/vec4 v00000261d0252b90_0, 0, 16;
    %load/vec4 v00000261d02540d0_0;
    %store/vec4 v00000261d02540d0_0, 0, 1;
    %jmp T_8.33;
T_8.31 ;
    %load/vec4 v00000261d0253310_0;
    %load/vec4 v00000261d02527d0_0;
    %add;
    %store/vec4 v00000261d0252b90_0, 0, 16;
    %load/vec4 v00000261d02540d0_0;
    %store/vec4 v00000261d02540d0_0, 0, 1;
    %jmp T_8.33;
T_8.33 ;
    %pop/vec4 1;
    %jmp T_8;
    .thread T_8, $push;
    .scope S_00000261d02309a0;
T_9 ;
    %wait E_00000261d0238fa0;
    %load/vec4 v00000261d0253c70_0;
    %dup/vec4;
    %pushi/vec4 0, 0, 4;
    %cmp/u;
    %jmp/1 T_9.0, 6;
    %dup/vec4;
    %pushi/vec4 1, 0, 4;
    %cmp/u;
    %jmp/1 T_9.1, 6;
    %dup/vec4;
    %pushi/vec4 2, 0, 4;
    %cmp/u;
    %jmp/1 T_9.2, 6;
    %dup/vec4;
    %pushi/vec4 3, 0, 4;
    %cmp/u;
    %jmp/1 T_9.3, 6;
    %dup/vec4;
    %pushi/vec4 4, 0, 4;
    %cmp/u;
    %jmp/1 T_9.4, 6;
    %dup/vec4;
    %pushi/vec4 5, 0, 4;
    %cmp/u;
    %jmp/1 T_9.5, 6;
    %dup/vec4;
    %pushi/vec4 6, 0, 4;
    %cmp/u;
    %jmp/1 T_9.6, 6;
    %dup/vec4;
    %pushi/vec4 7, 0, 4;
    %cmp/u;
    %jmp/1 T_9.7, 6;
    %dup/vec4;
    %pushi/vec4 8, 0, 4;
    %cmp/u;
    %jmp/1 T_9.8, 6;
    %dup/vec4;
    %pushi/vec4 9, 0, 4;
    %cmp/u;
    %jmp/1 T_9.9, 6;
    %dup/vec4;
    %pushi/vec4 11, 0, 4;
    %cmp/u;
    %jmp/1 T_9.10, 6;
    %dup/vec4;
    %pushi/vec4 12, 0, 4;
    %cmp/u;
    %jmp/1 T_9.11, 6;
    %dup/vec4;
    %pushi/vec4 13, 0, 4;
    %cmp/u;
    %jmp/1 T_9.12, 6;
    %dup/vec4;
    %pushi/vec4 14, 0, 4;
    %cmp/u;
    %jmp/1 T_9.13, 6;
    %pushi/vec4 65535, 65535, 16;
    %store/vec4 v00000261d0690d10_0, 0, 16;
    %jmp T_9.15;
T_9.0 ;
    %pushi/vec4 0, 0, 3;
    %load/vec4 v00000261d0252730_0;
    %concat/vec4; draw_concat_vec4
    %concati/vec4 0, 0, 2;
    %load/vec4 v00000261d0691710_0;
    %concat/vec4; draw_concat_vec4
    %load/vec4 v00000261d0253270_0;
    %concat/vec4; draw_concat_vec4
    %load/vec4 v00000261d02539f0_0;
    %concat/vec4; draw_concat_vec4
    %store/vec4 v00000261d0690d10_0, 0, 16;
    %jmp T_9.15;
T_9.1 ;
    %ix/load 4, 1, 0;
    %flag_set/imm 4, 0;
    %load/vec4a v00000261d0253810, 4;
    %store/vec4 v00000261d0690d10_0, 0, 16;
    %jmp T_9.15;
T_9.2 ;
    %ix/load 4, 2, 0;
    %flag_set/imm 4, 0;
    %load/vec4a v00000261d0253810, 4;
    %store/vec4 v00000261d0690d10_0, 0, 16;
    %jmp T_9.15;
T_9.3 ;
    %ix/load 4, 3, 0;
    %flag_set/imm 4, 0;
    %load/vec4a v00000261d0253810, 4;
    %store/vec4 v00000261d0690d10_0, 0, 16;
    %jmp T_9.15;
T_9.4 ;
    %ix/load 4, 4, 0;
    %flag_set/imm 4, 0;
    %load/vec4a v00000261d0253810, 4;
    %store/vec4 v00000261d0690d10_0, 0, 16;
    %jmp T_9.15;
T_9.5 ;
    %ix/load 4, 5, 0;
    %flag_set/imm 4, 0;
    %load/vec4a v00000261d0253810, 4;
    %store/vec4 v00000261d0690d10_0, 0, 16;
    %jmp T_9.15;
T_9.6 ;
    %ix/load 4, 6, 0;
    %flag_set/imm 4, 0;
    %load/vec4a v00000261d0253810, 4;
    %store/vec4 v00000261d0690d10_0, 0, 16;
    %jmp T_9.15;
T_9.7 ;
    %ix/load 4, 7, 0;
    %flag_set/imm 4, 0;
    %load/vec4a v00000261d0253810, 4;
    %store/vec4 v00000261d0690d10_0, 0, 16;
    %jmp T_9.15;
T_9.8 ;
    %load/vec4 v00000261d0253310_0;
    %store/vec4 v00000261d0690d10_0, 0, 16;
    %jmp T_9.15;
T_9.9 ;
    %load/vec4 v00000261d02527d0_0;
    %store/vec4 v00000261d0690d10_0, 0, 16;
    %jmp T_9.15;
T_9.10 ;
    %load/vec4 v00000261d02533b0_0;
    %store/vec4 v00000261d0690d10_0, 0, 16;
    %jmp T_9.15;
T_9.11 ;
    %load/vec4 v00000261d02538b0_0;
    %store/vec4 v00000261d0690d10_0, 0, 16;
    %jmp T_9.15;
T_9.12 ;
    %load/vec4 v00000261d0253d10_0;
    %store/vec4 v00000261d0690d10_0, 0, 16;
    %jmp T_9.15;
T_9.13 ;
    %load/vec4 v00000261d0252690_0;
    %store/vec4 v00000261d0690d10_0, 0, 16;
    %jmp T_9.15;
T_9.15 ;
    %pop/vec4 1;
    %jmp T_9;
    .thread T_9, $push;
    .scope S_00000261d0230470;
T_10 ;
    %wait E_00000261d02381e0;
    %load/vec4 v00000261d0253630_0;
    %flag_set/vec4 8;
    %jmp/0xz  T_10.0, 8;
    %load/vec4 v00000261d0254350_0;
    %load/vec4 v00000261d0253590_0;
    %pad/u 10;
    %ix/vec4 3;
    %ix/load 4, 0, 0; Constant delay
    %assign/vec4/a/d v00000261d0252910, 0, 4;
T_10.0 ;
    %jmp T_10;
    .thread T_10;
    .scope S_00000261d022a820;
T_11 ;
    %vpi_call 2 12 "$readmemh", "imem.ini", v00000261d0252a50 {0 0 0};
    %end;
    .thread T_11;
    .scope S_00000261d022a820;
T_12 ;
    %vpi_call 2 16 "$readmemh", "dmem.ini", v00000261d0252910 {0 0 0};
    %end;
    .thread T_12;
    .scope S_00000261d022a820;
T_13 ;
    %vpi_func 2 21 "$fopen" 32, "dmem.mem" {0 0 0};
    %store/vec4 v00000261d0690b30_0, 0, 32;
    %end;
    .thread T_13;
    .scope S_00000261d022a820;
T_14 ;
    %pushi/vec4 0, 0, 1;
    %store/vec4 v00000261d0691990_0, 0, 1;
    %end;
    .thread T_14;
    .scope S_00000261d022a820;
T_15 ;
    %delay 500, 0;
    %load/vec4 v00000261d0691990_0;
    %inv;
    %store/vec4 v00000261d0691990_0, 0, 1;
    %jmp T_15;
    .thread T_15;
    .scope S_00000261d022a820;
T_16 ;
    %vpi_call 2 42 "$monitor", "%h, %h, %h", v00000261d0691cb0_0, v00000261d0691170_0, v00000261d0690630_0 {0 0 0};
    %pushi/vec4 0, 0, 1;
    %assign/vec4 v00000261d0691350_0, 0;
    %pushi/vec4 0, 0, 1;
    %assign/vec4 v00000261d06915d0_0, 0;
    %pushi/vec4 0, 0, 1;
    %assign/vec4 v00000261d0690bd0_0, 0;
    %pushi/vec4 3, 0, 4;
    %assign/vec4 v00000261d0691530_0, 0;
    %delay 1000, 0;
    %pushi/vec4 0, 0, 1;
    %assign/vec4 v00000261d0690bd0_0, 0;
    %delay 1000, 0;
    %pushi/vec4 1, 0, 1;
    %assign/vec4 v00000261d0690bd0_0, 0;
    %delay 1000, 0;
    %pushi/vec4 1, 0, 1;
    %assign/vec4 v00000261d0691350_0, 0;
    %delay 1000, 0;
    %pushi/vec4 1, 0, 1;
    %assign/vec4 v00000261d06915d0_0, 0;
    %delay 1000, 0;
    %pushi/vec4 0, 0, 1;
    %assign/vec4 v00000261d06915d0_0, 0;
    %delay 20000, 0;
    %fork TD_t_processor.dmem_dump, S_00000261d022a9b0;
    %join;
    %vpi_call 2 51 "$finish" {0 0 0};
    %end;
    .thread T_16;
# The file index is used to find the file name in the following table.
:file_names 5;
    "N/A";
    "<interactive>";
    ".\t_processor.v";
    ".\processor.v";
    "./pcpu.v";
