#! /c/Source/iverilog-install/bin/vvp
:ivl_version "12.0 (devel)" "(s20150603-1539-g2693dd32b)";
:ivl_delay_selection "TYPICAL";
:vpi_time_precision - 9;
:vpi_module "C:\iverilog\lib\ivl\system.vpi";
:vpi_module "C:\iverilog\lib\ivl\vhdl_sys.vpi";
:vpi_module "C:\iverilog\lib\ivl\vhdl_textio.vpi";
:vpi_module "C:\iverilog\lib\ivl\v2005_math.vpi";
:vpi_module "C:\iverilog\lib\ivl\va_math.vpi";
S_000002547f3dd810 .scope module, "tb_8bitCounter" "tb_8bitCounter" 2 2;
 .timescale -9 -9;
v000002547f3ddb30_0 .var "clk", 0 0;
v000002547f3ddbd0_0 .net "count", 7 0, v000002547f1f2e20_0;  1 drivers
v000002547f224010_0 .var "rst_n", 0 0;
S_000002547f3dd9a0 .scope module, "dut" "counter" 2 39, 3 1 0, S_000002547f3dd810;
 .timescale -9 -9;
    .port_info 0 /INPUT 1 "clk";
    .port_info 1 /INPUT 1 "rst_n";
    .port_info 2 /OUTPUT 8 "count";
v000002547f3da450_0 .net "clk", 0 0, v000002547f3ddb30_0;  1 drivers
v000002547f1f2e20_0 .var "count", 7 0;
v000002547f3daeb0_0 .net "rst_n", 0 0, v000002547f224010_0;  1 drivers
E_000002547f3db840/0 .event negedge, v000002547f3daeb0_0;
E_000002547f3db840/1 .event posedge, v000002547f3da450_0;
E_000002547f3db840 .event/or E_000002547f3db840/0, E_000002547f3db840/1;
    .scope S_000002547f3dd9a0;
T_0 ;
    %wait E_000002547f3db840;
    %load/vec4 v000002547f3daeb0_0;
    %nor/r;
    %flag_set/vec4 8;
    %jmp/0xz  T_0.0, 8;
    %pushi/vec4 0, 0, 8;
    %assign/vec4 v000002547f1f2e20_0, 0;
    %jmp T_0.1;
T_0.0 ;
    %load/vec4 v000002547f1f2e20_0;
    %addi 1, 0, 8;
    %assign/vec4 v000002547f1f2e20_0, 0;
T_0.1 ;
    %jmp T_0;
    .thread T_0;
    .scope S_000002547f3dd810;
T_1 ;
    %delay 5, 0;
    %load/vec4 v000002547f3ddb30_0;
    %inv;
    %assign/vec4 v000002547f3ddb30_0, 0;
    %jmp T_1;
    .thread T_1;
    .scope S_000002547f3dd810;
T_2 ;
    %vpi_call 2 15 "$monitor", "%t CLK = %b, rst_n = %b, Count = %h", $time, v000002547f3ddb30_0, v000002547f224010_0, v000002547f3ddbd0_0 {0 0 0};
    %pushi/vec4 0, 0, 1;
    %assign/vec4 v000002547f3ddb30_0, 0;
    %pushi/vec4 0, 0, 1;
    %assign/vec4 v000002547f224010_0, 0;
    %delay 10, 0;
    %pushi/vec4 1, 0, 1;
    %assign/vec4 v000002547f224010_0, 0;
    %delay 20, 0;
    %pushi/vec4 0, 0, 1;
    %assign/vec4 v000002547f224010_0, 0;
    %delay 10, 0;
    %delay 25, 0;
    %pushi/vec4 1, 0, 1;
    %assign/vec4 v000002547f224010_0, 0;
    %delay 10, 0;
    %pushi/vec4 0, 0, 1;
    %assign/vec4 v000002547f224010_0, 0;
    %delay 10, 0;
    %vpi_call 2 30 "$finish" {0 0 0};
    %end;
    .thread T_2;
    .scope S_000002547f3dd810;
T_3 ;
    %vpi_call 2 34 "$dumpfile", "t_counter.vcd" {0 0 0};
    %vpi_call 2 35 "$dumpvars", 32'sb00000000000000000000000000000000, S_000002547f3dd810 {0 0 0};
    %end;
    .thread T_3;
# The file index is used to find the file name in the following table.
:file_names 4;
    "N/A";
    "<interactive>";
    ".\tb_8bitCounter.v";
    ".\8bitCounter.v";
